+ cd /titan/anthony/voronoi2025/adk_pca
+ source env.sh
++ source /home/anthony/.bashrc
+++ '[' -f /etc/bashrc ']'
+++ . /etc/bashrc
++++ '[' -z '' ']'
++++ BASHRCSOURCED=Y
++++ '[' '' ']'
++++ shopt -q login_shell
+++++ umask
++++ '[' 0022 -eq 0 ']'
++++ SHELL=/bin/bash
++++ for i in /etc/profile.d/*.sh
++++ '[' -r /etc/profile.d/bash_completion.sh ']'
++++ '[' '' ']'
++++ . /etc/profile.d/bash_completion.sh
+++++ '[' 'x5.1.8(1)-release' '!=' x -a x '!=' x -a x = x ']'
++++ for i in /etc/profile.d/*.sh
++++ '[' -r /etc/profile.d/colorgrep.sh ']'
++++ '[' '' ']'
++++ . /etc/profile.d/colorgrep.sh
+++++ /usr/libexec/grepconf.sh -c
+++++ alias 'grep=grep --color=auto'
+++++ alias 'egrep=egrep --color=auto'
+++++ alias 'fgrep=fgrep --color=auto'
++++ for i in /etc/profile.d/*.sh
++++ '[' -r /etc/profile.d/colorls.sh ']'
++++ '[' '' ']'
++++ . /etc/profile.d/colorls.sh
+++++ '[' '!' -t 0 ']'
+++++ return
++++ for i in /etc/profile.d/*.sh
++++ '[' -r /etc/profile.d/colorsysstat.sh ']'
++++ '[' '' ']'
++++ . /etc/profile.d/colorsysstat.sh
+++++ export S_COLORS=auto
+++++ S_COLORS=auto
++++ for i in /etc/profile.d/*.sh
++++ '[' -r /etc/profile.d/colorxzgrep.sh ']'
++++ '[' '' ']'
++++ . /etc/profile.d/colorxzgrep.sh
+++++ /usr/libexec/grepconf.sh -c
+++++ alias 'xzgrep=xzgrep --color=auto'
+++++ alias 'xzegrep=xzegrep --color=auto'
+++++ alias 'xzfgrep=xzfgrep --color=auto'
++++ for i in /etc/profile.d/*.sh
++++ '[' -r /etc/profile.d/colorzgrep.sh ']'
++++ '[' '' ']'
++++ . /etc/profile.d/colorzgrep.sh
+++++ '[' -f /usr/libexec/grepconf.sh ']'
+++++ /usr/libexec/grepconf.sh -c
+++++ alias 'zgrep=zgrep --color=auto'
+++++ alias 'zfgrep=zfgrep --color=auto'
+++++ alias 'zegrep=zegrep --color=auto'
++++ for i in /etc/profile.d/*.sh
++++ '[' -r /etc/profile.d/debuginfod.sh ']'
++++ '[' '' ']'
++++ . /etc/profile.d/debuginfod.sh
+++++ '[' -z 'https://debuginfod.centos.org/ ' ']'
++++ for i in /etc/profile.d/*.sh
++++ '[' -r /etc/profile.d/gawk.sh ']'
++++ '[' '' ']'
++++ . /etc/profile.d/gawk.sh
++++ for i in /etc/profile.d/*.sh
++++ '[' -r /etc/profile.d/lang.sh ']'
++++ '[' '' ']'
++++ . /etc/profile.d/lang.sh
+++++ unset LANG_backup
++++++ /usr/bin/locale
+++++ '[' -n '' ']'
+++++ LANG_backup=en_US.UTF-8
+++++ for config in /etc/locale.conf "${HOME}/.i18n"
+++++ '[' -f /etc/locale.conf ']'
+++++ '[' -x /usr/bin/sed ']'
++++++ /usr/bin/sed -r -e 's/^[[:blank:]]*([[:upper:]_]+)=([[:print:][:digit:]\._-]+|"[[:print:][:digit:]\._-]+")/export \1=\2/;t;d' /etc/locale.conf
+++++ eval export 'LANG="en_US.UTF-8"'
++++++ export LANG=en_US.UTF-8
++++++ LANG=en_US.UTF-8
+++++ for config in /etc/locale.conf "${HOME}/.i18n"
+++++ '[' -f /home/anthony/.i18n ']'
+++++ '[' -n en_US.UTF-8 ']'
+++++ LANG=en_US.UTF-8
+++++ unset LANG_backup config
+++++ '[' -n '' ']'
+++++ '[' -n en_US.UTF-8 ']'
+++++ '[' xterm = linux ']'
++++ for i in /etc/profile.d/*.sh
++++ '[' -r /etc/profile.d/less.sh ']'
++++ '[' '' ']'
++++ . /etc/profile.d/less.sh
+++++ '[' -z '||/usr/bin/lesspipe.sh %s' ']'
++++ for i in /etc/profile.d/*.sh
++++ '[' -r /etc/profile.d/man.sh ']'
++++ '[' '' ']'
++++ . /etc/profile.d/man.sh
++++++ manpath
+++++ export MANPATH=/cm/shared/apps/slurm/current/man:/cm/local/apps/environment-modules/4.5.3//share/man:/usr/local/share/man:/usr/share/man:/cm/local/apps/environment-modules/current/share/man:/cm/local/apps/environment-modules/current/share/man
+++++ MANPATH=/cm/shared/apps/slurm/current/man:/cm/local/apps/environment-modules/4.5.3//share/man:/usr/local/share/man:/usr/share/man:/cm/local/apps/environment-modules/current/share/man:/cm/local/apps/environment-modules/current/share/man
++++ for i in /etc/profile.d/*.sh
++++ '[' -r /etc/profile.d/modules.sh ']'
++++ '[' '' ']'
++++ . /etc/profile.d/modules.sh
+++++ . /etc/sysconfig/modules/init.sh
++++++ '[' -z 0 ']'
+++++ '[' 0 = 0 ']'
+++++ export MODULES_SET_SHELL_STARTUP=0
+++++ MODULES_SET_SHELL_STARTUP=0
++++++ id -u
+++++ '[' 1138 -ne 0 ']'
+++++ MODULEPATH_TMP=/cm/local/modulefiles:/cm/shared/modulefiles:/whale/software/modulefiles:/data01/software/modulefiles
+++++ PATH_TMP=/sbin:/usr/sbin:/cm/local/apps/environment-modules/4.5.3/bin
+++++ '[' -z /cm/local/modulefiles:/cm/shared/modulefiles:/whale/software/modulefiles:/data01/software/modulefiles ']'
+++++ echo X/cm/local/modulefiles:/cm/shared/modulefiles:/whale/software/modulefiles:/data01/software/modulefilesY
+++++ grep -q '[X:]/cm/local/modulefiles:/cm/shared/modulefiles:/whale/software/modulefiles:/data01/software/modulefiles[Y:]'
+++++ '[' -z /titan/anthony/apps/amber24/bin:/titan/anthony/apps/anaconda3/envs/westpa/bin:/titan/anthony/apps/anaconda3/condabin:/titan/anthony/apps/dssp-2.3.0:/titan/anthony/apps/wham/wham-2d:/cm/shared/apps/slurm/current/sbin:/cm/shared/apps/slurm/current/bin:/cm/local/apps/environment-modules/4.5.3/bin:/usr/local/bin:/usr/bin:/usr/local/sbin:/usr/sbin:/sbin:/usr/sbin:/cm/local/apps/environment-modules/4.5.3/bin:/home/anthony/.local/bin:/home/anthony/bin ']'
+++++ echo X/titan/anthony/apps/amber24/bin:/titan/anthony/apps/anaconda3/envs/westpa/bin:/titan/anthony/apps/anaconda3/condabin:/titan/anthony/apps/dssp-2.3.0:/titan/anthony/apps/wham/wham-2d:/cm/shared/apps/slurm/current/sbin:/cm/shared/apps/slurm/current/bin:/cm/local/apps/environment-modules/4.5.3/bin:/usr/local/bin:/usr/bin:/usr/local/sbin:/usr/sbin:/sbin:/usr/sbin:/cm/local/apps/environment-modules/4.5.3/bin:/home/anthony/.local/bin:/home/anthony/binY
+++++ grep -q '[X:]/sbin:/usr/sbin:/cm/local/apps/environment-modules/4.5.3/bin[Y:]'
+++++ unset MODULEPATH_TMP
+++++ unset PATH_TMP
+++++ trap '' 1 2 3
+++++ case "$0" in
+++++ . /cm/local/apps/environment-modules/4.5.3/Modules/default/init/sh
++++++ unset _mlshdbg
++++++ '[' 0 = 1 ']'
++++++ unset _mlre _mlIFS
++++++ '[' -n x ']'
++++++ _mlIFS=' 	
'
++++++ IFS=' '
++++++ '[' -n '' ']'
+++++++ /usr/bin/tclsh /cm/local/apps/environment-modules/4.5.3//libexec/modulecmd.tcl sh autoinit
++++++ _mlcode='module() {
   unset _mlshdbg;
   if [ "${MODULES_SILENT_SHELL_DEBUG:-0}" = '\''1'\'' ]; then
      case "$-" in
         *v*x*) set +vx; _mlshdbg='\''vx'\'' ;;
         *v*) set +v; _mlshdbg='\''v'\'' ;;
         *x*) set +x; _mlshdbg='\''x'\'' ;;
         *) _mlshdbg='\'''\'' ;;
      esac;
   fi;
   unset _mlre _mlIFS;
   if [ -n "${IFS+x}" ]; then
      _mlIFS=$IFS;
   fi;
   IFS='\'' '\'';
   for _mlv in ${MODULES_RUN_QUARANTINE:-}; do
      if [ "${_mlv}" = "${_mlv##*[!A-Za-z0-9_]}" -a "${_mlv}" = "${_mlv#[0-9]}" ]; then
         if [ -n "`eval '\''echo ${'\''$_mlv'\''+x}'\''`" ]; then
            _mlre="${_mlre:-}${_mlv}_modquar='\''`eval '\''echo ${'\''$_mlv'\''}'\''`'\'' ";
         fi;
         _mlrv="MODULES_RUNENV_${_mlv}";
         _mlre="${_mlre:-}${_mlv}='\''`eval '\''echo ${'\''$_mlrv'\'':-}'\''`'\'' ";
      fi;
   done;
   if [ -n "${_mlre:-}" ]; then
      eval `eval ${_mlre} /usr/bin/tclsh /cm/local/apps/environment-modules/4.5.3/libexec/modulecmd.tcl sh '\''"$@"'\''`;
   else
      eval `/usr/bin/tclsh /cm/local/apps/environment-modules/4.5.3/libexec/modulecmd.tcl sh "$@"`;
   fi;
   _mlstatus=$?;
   if [ -n "${_mlIFS+x}" ]; then
      IFS=$_mlIFS;
   else
      unset IFS;
   fi;
   unset _mlre _mlv _mlrv _mlIFS;
   if [ -n "${_mlshdbg:-}" ]; then
      set -$_mlshdbg;
   fi;
   unset _mlshdbg;
   return $_mlstatus;
};
ml() { module ml "$@"; };
MODULES_CMD=/cm/local/apps/environment-modules/4.5.3/libexec/modulecmd.tcl; export MODULES_CMD;
MODULESHOME=/cm/local/apps/environment-modules/4.5.3/; export MODULESHOME;
test 0;'
++++++ _mlret=0
++++++ '[' -n x ']'
++++++ IFS=' 	
'
++++++ unset _mlIFS
++++++ unset _mlre _mlv _mlrv
++++++ '[' 0 -eq 0 ']'
++++++ eval 'module() {
   unset _mlshdbg;
   if [ "${MODULES_SILENT_SHELL_DEBUG:-0}" = '\''1'\'' ]; then
      case "$-" in
         *v*x*) set +vx; _mlshdbg='\''vx'\'' ;;
         *v*) set +v; _mlshdbg='\''v'\'' ;;
         *x*) set +x; _mlshdbg='\''x'\'' ;;
         *) _mlshdbg='\'''\'' ;;
      esac;
   fi;
   unset _mlre _mlIFS;
   if [ -n "${IFS+x}" ]; then
      _mlIFS=$IFS;
   fi;
   IFS='\'' '\'';
   for _mlv in ${MODULES_RUN_QUARANTINE:-}; do
      if [ "${_mlv}" = "${_mlv##*[!A-Za-z0-9_]}" -a "${_mlv}" = "${_mlv#[0-9]}" ]; then
         if [ -n "`eval '\''echo ${'\''$_mlv'\''+x}'\''`" ]; then
            _mlre="${_mlre:-}${_mlv}_modquar='\''`eval '\''echo ${'\''$_mlv'\''}'\''`'\'' ";
         fi;
         _mlrv="MODULES_RUNENV_${_mlv}";
         _mlre="${_mlre:-}${_mlv}='\''`eval '\''echo ${'\''$_mlrv'\'':-}'\''`'\'' ";
      fi;
   done;
   if [ -n "${_mlre:-}" ]; then
      eval `eval ${_mlre} /usr/bin/tclsh /cm/local/apps/environment-modules/4.5.3/libexec/modulecmd.tcl sh '\''"$@"'\''`;
   else
      eval `/usr/bin/tclsh /cm/local/apps/environment-modules/4.5.3/libexec/modulecmd.tcl sh "$@"`;
   fi;
   _mlstatus=$?;
   if [ -n "${_mlIFS+x}" ]; then
      IFS=$_mlIFS;
   else
      unset IFS;
   fi;
   unset _mlre _mlv _mlrv _mlIFS;
   if [ -n "${_mlshdbg:-}" ]; then
      set -$_mlshdbg;
   fi;
   unset _mlshdbg;
   return $_mlstatus;
};
ml() { module ml "$@"; };
MODULES_CMD=/cm/local/apps/environment-modules/4.5.3/libexec/modulecmd.tcl; export MODULES_CMD;
MODULESHOME=/cm/local/apps/environment-modules/4.5.3/; export MODULESHOME;
test 0;'
+++++++ MODULES_CMD=/cm/local/apps/environment-modules/4.5.3/libexec/modulecmd.tcl
+++++++ export MODULES_CMD
+++++++ MODULESHOME=/cm/local/apps/environment-modules/4.5.3/
+++++++ export MODULESHOME
+++++++ test 0
++++++ '[' 0 = 1 ']'
++++++ '[' /bin/bash '!=' '' ']'
++++++ '[' -t 2 ']'
++++++ export -f module
+++++++ type -t ml
++++++ '[' function = function ']'
++++++ export -f ml
++++++ '[' /bin/bash '!=' '' ']'
++++++ export -f switchml
++++++ case ":$PATH:" in
++++++ PATH=/cm/local/apps/environment-modules/4.5.3//bin:/titan/anthony/apps/amber24/bin:/titan/anthony/apps/anaconda3/envs/westpa/bin:/titan/anthony/apps/anaconda3/condabin:/titan/anthony/apps/dssp-2.3.0:/titan/anthony/apps/wham/wham-2d:/cm/shared/apps/slurm/current/sbin:/cm/shared/apps/slurm/current/bin:/cm/local/apps/environment-modules/4.5.3/bin:/usr/local/bin:/usr/bin:/usr/local/sbin:/usr/sbin:/sbin:/usr/sbin:/cm/local/apps/environment-modules/4.5.3/bin:/home/anthony/.local/bin:/home/anthony/bin
++++++ export PATH
++++++ '[' '!' -n x ']'
++++++ case ":`manpath 2>/dev/null`:" in
+++++++ manpath
++++++ unset _mlcode _mlret
++++++ '[' -n '' ']'
+++++ trap 1 2 3
++++ for i in /etc/profile.d/*.sh
++++ '[' -r /etc/profile.d/ssh.sh ']'
++++ '[' '' ']'
++++ . /etc/profile.d/ssh.sh
++++++ id -u
+++++ '[' 1138 '!=' 0 ']'
+++++ '[' '!' -f /home/anthony/.ssh/id_ecdsa ']'
++++ for i in /etc/profile.d/*.sh
++++ '[' -r /etc/profile.d/which2.sh ']'
++++ '[' '' ']'
++++ . /etc/profile.d/which2.sh
+++++ case "$(basename $(readlink /proc/$$/exe))" in
+++++++ readlink /proc/2744322/exe
++++++ basename /usr/bin/bash
+++++ which_declare='declare -f'
+++++ which_opt=-f
+++++ export which_declare
+++++ export -f which
++++ unset i
++++ unset -f pathmunge
+++ export TERM=xterm
+++ TERM=xterm
+++ export PATH=/titan/anthony/apps/wham/wham-2d:/cm/local/apps/environment-modules/4.5.3//bin:/titan/anthony/apps/amber24/bin:/titan/anthony/apps/anaconda3/envs/westpa/bin:/titan/anthony/apps/anaconda3/condabin:/titan/anthony/apps/dssp-2.3.0:/titan/anthony/apps/wham/wham-2d:/cm/shared/apps/slurm/current/sbin:/cm/shared/apps/slurm/current/bin:/cm/local/apps/environment-modules/4.5.3/bin:/usr/local/bin:/usr/bin:/usr/local/sbin:/usr/sbin:/sbin:/usr/sbin:/cm/local/apps/environment-modules/4.5.3/bin:/home/anthony/.local/bin:/home/anthony/bin
+++ PATH=/titan/anthony/apps/wham/wham-2d:/cm/local/apps/environment-modules/4.5.3//bin:/titan/anthony/apps/amber24/bin:/titan/anthony/apps/anaconda3/envs/westpa/bin:/titan/anthony/apps/anaconda3/condabin:/titan/anthony/apps/dssp-2.3.0:/titan/anthony/apps/wham/wham-2d:/cm/shared/apps/slurm/current/sbin:/cm/shared/apps/slurm/current/bin:/cm/local/apps/environment-modules/4.5.3/bin:/usr/local/bin:/usr/bin:/usr/local/sbin:/usr/sbin:/sbin:/usr/sbin:/cm/local/apps/environment-modules/4.5.3/bin:/home/anthony/.local/bin:/home/anthony/bin
+++ export PATH=/titan/anthony/apps/dssp-2.3.0:/titan/anthony/apps/wham/wham-2d:/cm/local/apps/environment-modules/4.5.3//bin:/titan/anthony/apps/amber24/bin:/titan/anthony/apps/anaconda3/envs/westpa/bin:/titan/anthony/apps/anaconda3/condabin:/titan/anthony/apps/dssp-2.3.0:/titan/anthony/apps/wham/wham-2d:/cm/shared/apps/slurm/current/sbin:/cm/shared/apps/slurm/current/bin:/cm/local/apps/environment-modules/4.5.3/bin:/usr/local/bin:/usr/bin:/usr/local/sbin:/usr/sbin:/sbin:/usr/sbin:/cm/local/apps/environment-modules/4.5.3/bin:/home/anthony/.local/bin:/home/anthony/bin
+++ PATH=/titan/anthony/apps/dssp-2.3.0:/titan/anthony/apps/wham/wham-2d:/cm/local/apps/environment-modules/4.5.3//bin:/titan/anthony/apps/amber24/bin:/titan/anthony/apps/anaconda3/envs/westpa/bin:/titan/anthony/apps/anaconda3/condabin:/titan/anthony/apps/dssp-2.3.0:/titan/anthony/apps/wham/wham-2d:/cm/shared/apps/slurm/current/sbin:/cm/shared/apps/slurm/current/bin:/cm/local/apps/environment-modules/4.5.3/bin:/usr/local/bin:/usr/bin:/usr/local/sbin:/usr/sbin:/sbin:/usr/sbin:/cm/local/apps/environment-modules/4.5.3/bin:/home/anthony/.local/bin:/home/anthony/bin
++++ /titan/anthony/apps/anaconda3/bin/conda shell.bash hook
+++ __conda_setup='export CONDA_EXE='\''/titan/anthony/apps/anaconda3/bin/conda'\''
export _CE_M='\'''\''
export _CE_CONDA='\'''\''
export CONDA_PYTHON_EXE='\''/titan/anthony/apps/anaconda3/bin/python'\''

# Copyright (C) 2012 Anaconda, Inc
# SPDX-License-Identifier: BSD-3-Clause
__conda_exe() (
    "$CONDA_EXE" $_CE_M $_CE_CONDA "$@"
)

__conda_hashr() {
    if [ -n "${ZSH_VERSION:+x}" ]; then
        \rehash
    elif [ -n "${POSH_VERSION:+x}" ]; then
        :  # pass
    else
        \hash -r
    fi
}

__conda_activate() {
    if [ -n "${CONDA_PS1_BACKUP:+x}" ]; then
        # Handle transition from shell activated with conda <= 4.3 to a subsequent activation
        # after conda updated to >= 4.4. See issue #6173.
        PS1="$CONDA_PS1_BACKUP"
        \unset CONDA_PS1_BACKUP
    fi
    \local ask_conda
    ask_conda="$(PS1="${PS1:-}" __conda_exe shell.posix "$@")" || \return
    \eval "$ask_conda"
    __conda_hashr
}

__conda_reactivate() {
    # FUTURE: conda 25.9, remove this function
    echo "'\''__conda_reactivate'\'' is deprecated and will be removed in 25.9. Use '\''__conda_activate reactivate'\'' instead." 1>&2
    __conda_activate reactivate
}

conda() {
    \local cmd="${1-__missing__}"
    case "$cmd" in
        activate|deactivate)
            __conda_activate "$@"
            ;;
        install|update|upgrade|remove|uninstall)
            __conda_exe "$@" || \return
            __conda_activate reactivate
            ;;
        *)
            __conda_exe "$@"
            ;;
    esac
}

if [ -z "${CONDA_SHLVL+x}" ]; then
    \export CONDA_SHLVL=0
    # In dev-mode CONDA_EXE is python.exe and on Windows
    # it is in a different relative location to condabin.
    if [ -n "${_CE_CONDA:+x}" ] && [ -n "${WINDIR+x}" ]; then
        PATH="$(\dirname "$CONDA_EXE")/condabin${PATH:+":${PATH}"}"
    else
        PATH="$(\dirname "$(\dirname "$CONDA_EXE")")/condabin${PATH:+":${PATH}"}"
    fi
    \export PATH

    # We'\''re not allowing PS1 to be unbound. It must at least be set.
    # However, we'\''re not exporting it, which can cause problems when starting a second shell
    # via a first shell (i.e. starting zsh from bash).
    if [ -z "${PS1+x}" ]; then
        PS1=
    fi
fi

conda activate base'
+++ '[' 0 -eq 0 ']'
+++ eval 'export CONDA_EXE='\''/titan/anthony/apps/anaconda3/bin/conda'\''
export _CE_M='\'''\''
export _CE_CONDA='\'''\''
export CONDA_PYTHON_EXE='\''/titan/anthony/apps/anaconda3/bin/python'\''

# Copyright (C) 2012 Anaconda, Inc
# SPDX-License-Identifier: BSD-3-Clause
__conda_exe() (
    "$CONDA_EXE" $_CE_M $_CE_CONDA "$@"
)

__conda_hashr() {
    if [ -n "${ZSH_VERSION:+x}" ]; then
        \rehash
    elif [ -n "${POSH_VERSION:+x}" ]; then
        :  # pass
    else
        \hash -r
    fi
}

__conda_activate() {
    if [ -n "${CONDA_PS1_BACKUP:+x}" ]; then
        # Handle transition from shell activated with conda <= 4.3 to a subsequent activation
        # after conda updated to >= 4.4. See issue #6173.
        PS1="$CONDA_PS1_BACKUP"
        \unset CONDA_PS1_BACKUP
    fi
    \local ask_conda
    ask_conda="$(PS1="${PS1:-}" __conda_exe shell.posix "$@")" || \return
    \eval "$ask_conda"
    __conda_hashr
}

__conda_reactivate() {
    # FUTURE: conda 25.9, remove this function
    echo "'\''__conda_reactivate'\'' is deprecated and will be removed in 25.9. Use '\''__conda_activate reactivate'\'' instead." 1>&2
    __conda_activate reactivate
}

conda() {
    \local cmd="${1-__missing__}"
    case "$cmd" in
        activate|deactivate)
            __conda_activate "$@"
            ;;
        install|update|upgrade|remove|uninstall)
            __conda_exe "$@" || \return
            __conda_activate reactivate
            ;;
        *)
            __conda_exe "$@"
            ;;
    esac
}

if [ -z "${CONDA_SHLVL+x}" ]; then
    \export CONDA_SHLVL=0
    # In dev-mode CONDA_EXE is python.exe and on Windows
    # it is in a different relative location to condabin.
    if [ -n "${_CE_CONDA:+x}" ] && [ -n "${WINDIR+x}" ]; then
        PATH="$(\dirname "$CONDA_EXE")/condabin${PATH:+":${PATH}"}"
    else
        PATH="$(\dirname "$(\dirname "$CONDA_EXE")")/condabin${PATH:+":${PATH}"}"
    fi
    \export PATH

    # We'\''re not allowing PS1 to be unbound. It must at least be set.
    # However, we'\''re not exporting it, which can cause problems when starting a second shell
    # via a first shell (i.e. starting zsh from bash).
    if [ -z "${PS1+x}" ]; then
        PS1=
    fi
fi

conda activate base'
++++ export CONDA_EXE=/titan/anthony/apps/anaconda3/bin/conda
++++ CONDA_EXE=/titan/anthony/apps/anaconda3/bin/conda
++++ export _CE_M=
++++ _CE_M=
++++ export _CE_CONDA=
++++ _CE_CONDA=
++++ export CONDA_PYTHON_EXE=/titan/anthony/apps/anaconda3/bin/python
++++ CONDA_PYTHON_EXE=/titan/anthony/apps/anaconda3/bin/python
++++ '[' -z x ']'
++++ conda activate base
++++ local cmd=activate
++++ case "$cmd" in
++++ __conda_activate activate base
++++ '[' -n '' ']'
++++ local ask_conda
+++++ PS1=
+++++ __conda_exe shell.posix activate base
+++++ /titan/anthony/apps/anaconda3/bin/conda shell.posix activate base
++++ ask_conda='PS1='\''(base) '\''
export PATH='\''/titan/anthony/apps/dssp-2.3.0:/titan/anthony/apps/wham/wham-2d:/cm/local/apps/environment-modules/4.5.3/bin:/titan/anthony/apps/amber24/bin:/titan/anthony/apps/anaconda3/bin:/titan/anthony/apps/anaconda3/condabin:/titan/anthony/apps/dssp-2.3.0:/titan/anthony/apps/wham/wham-2d:/cm/shared/apps/slurm/current/sbin:/cm/shared/apps/slurm/current/bin:/cm/local/apps/environment-modules/4.5.3/bin:/usr/local/bin:/usr/bin:/usr/local/sbin:/usr/sbin:/sbin:/usr/sbin:/cm/local/apps/environment-modules/4.5.3/bin:/home/anthony/.local/bin:/home/anthony/bin'\''
export CONDA_PREFIX='\''/titan/anthony/apps/anaconda3'\''
export CONDA_SHLVL='\''3'\''
export CONDA_DEFAULT_ENV='\''base'\''
export CONDA_PROMPT_MODIFIER='\''(base) '\''
export CONDA_PREFIX_2='\''/titan/anthony/apps/anaconda3/envs/westpa'\''
export CONDA_EXE='\''/titan/anthony/apps/anaconda3/bin/conda'\''
export _CE_M='\'''\''
export _CE_CONDA='\'''\''
export CONDA_PYTHON_EXE='\''/titan/anthony/apps/anaconda3/bin/python'\''
. "/titan/anthony/apps/anaconda3/etc/conda/activate.d/libglib_activate.sh"'
++++ eval 'PS1='\''(base) '\''
export PATH='\''/titan/anthony/apps/dssp-2.3.0:/titan/anthony/apps/wham/wham-2d:/cm/local/apps/environment-modules/4.5.3/bin:/titan/anthony/apps/amber24/bin:/titan/anthony/apps/anaconda3/bin:/titan/anthony/apps/anaconda3/condabin:/titan/anthony/apps/dssp-2.3.0:/titan/anthony/apps/wham/wham-2d:/cm/shared/apps/slurm/current/sbin:/cm/shared/apps/slurm/current/bin:/cm/local/apps/environment-modules/4.5.3/bin:/usr/local/bin:/usr/bin:/usr/local/sbin:/usr/sbin:/sbin:/usr/sbin:/cm/local/apps/environment-modules/4.5.3/bin:/home/anthony/.local/bin:/home/anthony/bin'\''
export CONDA_PREFIX='\''/titan/anthony/apps/anaconda3'\''
export CONDA_SHLVL='\''3'\''
export CONDA_DEFAULT_ENV='\''base'\''
export CONDA_PROMPT_MODIFIER='\''(base) '\''
export CONDA_PREFIX_2='\''/titan/anthony/apps/anaconda3/envs/westpa'\''
export CONDA_EXE='\''/titan/anthony/apps/anaconda3/bin/conda'\''
export _CE_M='\'''\''
export _CE_CONDA='\'''\''
export CONDA_PYTHON_EXE='\''/titan/anthony/apps/anaconda3/bin/python'\''
. "/titan/anthony/apps/anaconda3/etc/conda/activate.d/libglib_activate.sh"'
+++++ PS1='(base) '
+++++ export PATH=/titan/anthony/apps/dssp-2.3.0:/titan/anthony/apps/wham/wham-2d:/cm/local/apps/environment-modules/4.5.3/bin:/titan/anthony/apps/amber24/bin:/titan/anthony/apps/anaconda3/bin:/titan/anthony/apps/anaconda3/condabin:/titan/anthony/apps/dssp-2.3.0:/titan/anthony/apps/wham/wham-2d:/cm/shared/apps/slurm/current/sbin:/cm/shared/apps/slurm/current/bin:/cm/local/apps/environment-modules/4.5.3/bin:/usr/local/bin:/usr/bin:/usr/local/sbin:/usr/sbin:/sbin:/usr/sbin:/cm/local/apps/environment-modules/4.5.3/bin:/home/anthony/.local/bin:/home/anthony/bin
+++++ PATH=/titan/anthony/apps/dssp-2.3.0:/titan/anthony/apps/wham/wham-2d:/cm/local/apps/environment-modules/4.5.3/bin:/titan/anthony/apps/amber24/bin:/titan/anthony/apps/anaconda3/bin:/titan/anthony/apps/anaconda3/condabin:/titan/anthony/apps/dssp-2.3.0:/titan/anthony/apps/wham/wham-2d:/cm/shared/apps/slurm/current/sbin:/cm/shared/apps/slurm/current/bin:/cm/local/apps/environment-modules/4.5.3/bin:/usr/local/bin:/usr/bin:/usr/local/sbin:/usr/sbin:/sbin:/usr/sbin:/cm/local/apps/environment-modules/4.5.3/bin:/home/anthony/.local/bin:/home/anthony/bin
+++++ export CONDA_PREFIX=/titan/anthony/apps/anaconda3
+++++ CONDA_PREFIX=/titan/anthony/apps/anaconda3
+++++ export CONDA_SHLVL=3
+++++ CONDA_SHLVL=3
+++++ export CONDA_DEFAULT_ENV=base
+++++ CONDA_DEFAULT_ENV=base
+++++ export 'CONDA_PROMPT_MODIFIER=(base) '
+++++ CONDA_PROMPT_MODIFIER='(base) '
+++++ export CONDA_PREFIX_2=/titan/anthony/apps/anaconda3/envs/westpa
+++++ CONDA_PREFIX_2=/titan/anthony/apps/anaconda3/envs/westpa
+++++ export CONDA_EXE=/titan/anthony/apps/anaconda3/bin/conda
+++++ CONDA_EXE=/titan/anthony/apps/anaconda3/bin/conda
+++++ export _CE_M=
+++++ _CE_M=
+++++ export _CE_CONDA=
+++++ _CE_CONDA=
+++++ export CONDA_PYTHON_EXE=/titan/anthony/apps/anaconda3/bin/python
+++++ CONDA_PYTHON_EXE=/titan/anthony/apps/anaconda3/bin/python
+++++ . /titan/anthony/apps/anaconda3/etc/conda/activate.d/libglib_activate.sh
++++++ export GSETTINGS_SCHEMA_DIR_CONDA_BACKUP=
++++++ GSETTINGS_SCHEMA_DIR_CONDA_BACKUP=
++++++ export GSETTINGS_SCHEMA_DIR=/titan/anthony/apps/anaconda3/share/glib-2.0/schemas
++++++ GSETTINGS_SCHEMA_DIR=/titan/anthony/apps/anaconda3/share/glib-2.0/schemas
++++ __conda_hashr
++++ '[' -n '' ']'
++++ '[' -n '' ']'
++++ hash -r
+++ unset __conda_setup
+++ alias 'tl=tail -n 30 -f'
+++ alias 'sq=squeue -u anthony'
+++ alias 'tt=cd /titan/anthony'
+++ alias 'interact=srun -N 1 -n 1 -p cpu_long --pty bash'
+++ alias 'interact_gpu=srun -N 1 -n 1 -p gpu_long --pty bash'
+++ source /titan/anthony/apps/amber24/amber.sh
++++ '[' -n /titan/anthony/apps/amber24/amber.sh ']'
++++ this_script=/titan/anthony/apps/amber24/amber.sh
++++++ dirname /titan/anthony/apps/amber24/amber.sh
+++++ cd /titan/anthony/apps/amber24
+++++ pwd
++++ export AMBERHOME=/titan/anthony/apps/amber24
++++ AMBERHOME=/titan/anthony/apps/amber24
++++ export PATH=/titan/anthony/apps/amber24/bin:/titan/anthony/apps/dssp-2.3.0:/titan/anthony/apps/wham/wham-2d:/cm/local/apps/environment-modules/4.5.3/bin:/titan/anthony/apps/amber24/bin:/titan/anthony/apps/anaconda3/bin:/titan/anthony/apps/anaconda3/condabin:/titan/anthony/apps/dssp-2.3.0:/titan/anthony/apps/wham/wham-2d:/cm/shared/apps/slurm/current/sbin:/cm/shared/apps/slurm/current/bin:/cm/local/apps/environment-modules/4.5.3/bin:/usr/local/bin:/usr/bin:/usr/local/sbin:/usr/sbin:/sbin:/usr/sbin:/cm/local/apps/environment-modules/4.5.3/bin:/home/anthony/.local/bin:/home/anthony/bin
++++ PATH=/titan/anthony/apps/amber24/bin:/titan/anthony/apps/dssp-2.3.0:/titan/anthony/apps/wham/wham-2d:/cm/local/apps/environment-modules/4.5.3/bin:/titan/anthony/apps/amber24/bin:/titan/anthony/apps/anaconda3/bin:/titan/anthony/apps/anaconda3/condabin:/titan/anthony/apps/dssp-2.3.0:/titan/anthony/apps/wham/wham-2d:/cm/shared/apps/slurm/current/sbin:/cm/shared/apps/slurm/current/bin:/cm/local/apps/environment-modules/4.5.3/bin:/usr/local/bin:/usr/bin:/usr/local/sbin:/usr/sbin:/sbin:/usr/sbin:/cm/local/apps/environment-modules/4.5.3/bin:/home/anthony/.local/bin:/home/anthony/bin
++++ '[' 1 = 1 ']'
++++ '[' -z /titan/anthony/apps/amber24/lib:/cm/shared/apps/slurm/current/lib64/slurm:/cm/shared/apps/slurm/current/lib64 ']'
++++ export LD_LIBRARY_PATH=/titan/anthony/apps/amber24/lib:/titan/anthony/apps/amber24/lib:/cm/shared/apps/slurm/current/lib64/slurm:/cm/shared/apps/slurm/current/lib64
++++ LD_LIBRARY_PATH=/titan/anthony/apps/amber24/lib:/titan/anthony/apps/amber24/lib:/cm/shared/apps/slurm/current/lib64/slurm:/cm/shared/apps/slurm/current/lib64
++++ '[' 1 = 1 ']'
++++ '[' -z /titan/anthony/apps/amber24/lib/perl ']'
++++ export PERL5LIB=/titan/anthony/apps/amber24/lib/perl:/titan/anthony/apps/amber24/lib/perl
++++ PERL5LIB=/titan/anthony/apps/amber24/lib/perl:/titan/anthony/apps/amber24/lib/perl
++++ '[' 1 = 1 ']'
++++ '[' -z /titan/anthony/apps/amber24/lib/python3.12/site-packages ']'
++++ export PYTHONPATH=/titan/anthony/apps/amber24/lib/python3.12/site-packages:/titan/anthony/apps/amber24/lib/python3.12/site-packages
++++ PYTHONPATH=/titan/anthony/apps/amber24/lib/python3.12/site-packages:/titan/anthony/apps/amber24/lib/python3.12/site-packages
++++ '[' 1 = 1 ']'
++++ export QUICK_BASIS=/titan/anthony/apps/amber24/AmberTools/src/quick/basis
++++ QUICK_BASIS=/titan/anthony/apps/amber24/AmberTools/src/quick/basis
++ conda activate westpa
++ local cmd=activate
++ case "$cmd" in
++ __conda_activate activate westpa
++ '[' -n '' ']'
++ local ask_conda
+++ PS1='(base) '
+++ __conda_exe shell.posix activate westpa
+++ /titan/anthony/apps/anaconda3/bin/conda shell.posix activate westpa
++ ask_conda='. "/titan/anthony/apps/anaconda3/etc/conda/deactivate.d/libglib_deactivate.sh"
PS1='\''(westpa) '\''
export PATH='\''/titan/anthony/apps/amber24/bin:/titan/anthony/apps/dssp-2.3.0:/titan/anthony/apps/wham/wham-2d:/cm/local/apps/environment-modules/4.5.3/bin:/titan/anthony/apps/amber24/bin:/titan/anthony/apps/anaconda3/envs/westpa/bin:/titan/anthony/apps/anaconda3/condabin:/titan/anthony/apps/dssp-2.3.0:/titan/anthony/apps/wham/wham-2d:/cm/shared/apps/slurm/current/sbin:/cm/shared/apps/slurm/current/bin:/cm/local/apps/environment-modules/4.5.3/bin:/usr/local/bin:/usr/bin:/usr/local/sbin:/usr/sbin:/sbin:/usr/sbin:/cm/local/apps/environment-modules/4.5.3/bin:/home/anthony/.local/bin:/home/anthony/bin'\''
export CONDA_PREFIX='\''/titan/anthony/apps/anaconda3/envs/westpa'\''
export CONDA_SHLVL='\''4'\''
export CONDA_DEFAULT_ENV='\''westpa'\''
export CONDA_PROMPT_MODIFIER='\''(westpa) '\''
export CONDA_PREFIX_3='\''/titan/anthony/apps/anaconda3'\''
export CONDA_EXE='\''/titan/anthony/apps/anaconda3/bin/conda'\''
export _CE_M='\'''\''
export _CE_CONDA='\'''\''
export CONDA_PYTHON_EXE='\''/titan/anthony/apps/anaconda3/bin/python'\'''
++ eval '. "/titan/anthony/apps/anaconda3/etc/conda/deactivate.d/libglib_deactivate.sh"
PS1='\''(westpa) '\''
export PATH='\''/titan/anthony/apps/amber24/bin:/titan/anthony/apps/dssp-2.3.0:/titan/anthony/apps/wham/wham-2d:/cm/local/apps/environment-modules/4.5.3/bin:/titan/anthony/apps/amber24/bin:/titan/anthony/apps/anaconda3/envs/westpa/bin:/titan/anthony/apps/anaconda3/condabin:/titan/anthony/apps/dssp-2.3.0:/titan/anthony/apps/wham/wham-2d:/cm/shared/apps/slurm/current/sbin:/cm/shared/apps/slurm/current/bin:/cm/local/apps/environment-modules/4.5.3/bin:/usr/local/bin:/usr/bin:/usr/local/sbin:/usr/sbin:/sbin:/usr/sbin:/cm/local/apps/environment-modules/4.5.3/bin:/home/anthony/.local/bin:/home/anthony/bin'\''
export CONDA_PREFIX='\''/titan/anthony/apps/anaconda3/envs/westpa'\''
export CONDA_SHLVL='\''4'\''
export CONDA_DEFAULT_ENV='\''westpa'\''
export CONDA_PROMPT_MODIFIER='\''(westpa) '\''
export CONDA_PREFIX_3='\''/titan/anthony/apps/anaconda3'\''
export CONDA_EXE='\''/titan/anthony/apps/anaconda3/bin/conda'\''
export _CE_M='\'''\''
export _CE_CONDA='\'''\''
export CONDA_PYTHON_EXE='\''/titan/anthony/apps/anaconda3/bin/python'\'''
+++ . /titan/anthony/apps/anaconda3/etc/conda/deactivate.d/libglib_deactivate.sh
++++ export GSETTINGS_SCHEMA_DIR=
++++ GSETTINGS_SCHEMA_DIR=
++++ unset GSETTINGS_SCHEMA_DIR_CONDA_BACKUP
++++ '[' -z ']'
++++ unset GSETTINGS_SCHEMA_DIR
+++ PS1='(westpa) '
+++ export PATH=/titan/anthony/apps/amber24/bin:/titan/anthony/apps/dssp-2.3.0:/titan/anthony/apps/wham/wham-2d:/cm/local/apps/environment-modules/4.5.3/bin:/titan/anthony/apps/amber24/bin:/titan/anthony/apps/anaconda3/envs/westpa/bin:/titan/anthony/apps/anaconda3/condabin:/titan/anthony/apps/dssp-2.3.0:/titan/anthony/apps/wham/wham-2d:/cm/shared/apps/slurm/current/sbin:/cm/shared/apps/slurm/current/bin:/cm/local/apps/environment-modules/4.5.3/bin:/usr/local/bin:/usr/bin:/usr/local/sbin:/usr/sbin:/sbin:/usr/sbin:/cm/local/apps/environment-modules/4.5.3/bin:/home/anthony/.local/bin:/home/anthony/bin
+++ PATH=/titan/anthony/apps/amber24/bin:/titan/anthony/apps/dssp-2.3.0:/titan/anthony/apps/wham/wham-2d:/cm/local/apps/environment-modules/4.5.3/bin:/titan/anthony/apps/amber24/bin:/titan/anthony/apps/anaconda3/envs/westpa/bin:/titan/anthony/apps/anaconda3/condabin:/titan/anthony/apps/dssp-2.3.0:/titan/anthony/apps/wham/wham-2d:/cm/shared/apps/slurm/current/sbin:/cm/shared/apps/slurm/current/bin:/cm/local/apps/environment-modules/4.5.3/bin:/usr/local/bin:/usr/bin:/usr/local/sbin:/usr/sbin:/sbin:/usr/sbin:/cm/local/apps/environment-modules/4.5.3/bin:/home/anthony/.local/bin:/home/anthony/bin
+++ export CONDA_PREFIX=/titan/anthony/apps/anaconda3/envs/westpa
+++ CONDA_PREFIX=/titan/anthony/apps/anaconda3/envs/westpa
+++ export CONDA_SHLVL=4
+++ CONDA_SHLVL=4
+++ export CONDA_DEFAULT_ENV=westpa
+++ CONDA_DEFAULT_ENV=westpa
+++ export 'CONDA_PROMPT_MODIFIER=(westpa) '
+++ CONDA_PROMPT_MODIFIER='(westpa) '
+++ export CONDA_PREFIX_3=/titan/anthony/apps/anaconda3
+++ CONDA_PREFIX_3=/titan/anthony/apps/anaconda3
+++ export CONDA_EXE=/titan/anthony/apps/anaconda3/bin/conda
+++ CONDA_EXE=/titan/anthony/apps/anaconda3/bin/conda
+++ export _CE_M=
+++ _CE_M=
+++ export _CE_CONDA=
+++ _CE_CONDA=
+++ export CONDA_PYTHON_EXE=/titan/anthony/apps/anaconda3/bin/python
+++ CONDA_PYTHON_EXE=/titan/anthony/apps/anaconda3/bin/python
++ __conda_hashr
++ '[' -n '' ']'
++ '[' -n '' ']'
++ hash -r
++ module load amber/2024 cuda12.2 openmpi
++ unset _mlshdbg
++ '[' 0 = 1 ']'
++ unset _mlre _mlIFS
++ '[' -n x ']'
++ _mlIFS=' 	
'
++ IFS=' '
++ '[' -n '' ']'
+++ /usr/bin/tclsh /cm/local/apps/environment-modules/4.5.3/libexec/modulecmd.tcl sh load amber/2024 cuda12.2 openmpi
++ eval 'CPATH=/cm/shared/apps/openmpi4/gcc/4.1.5/include:/cm/shared/apps/cuda12.2/sdk/12.2.2/Common:/cm/shared/apps/cuda12.2/toolkit/12.2.2/targets/x86_64-linux/include:/cm/shared/apps/slurm/current/include;' export 'CPATH;
LD_RUN_PATH=/cm/shared/apps/openmpi4/gcc/4.1.5/lib:/cm/local/apps/cuda/libs/current/lib64;' export 'LD_RUN_PATH;
LD_LIBRARY_PATH=/cm/shared/apps/openmpi4/gcc/4.1.5/lib:/cm/local/apps/cuda/libs/current/lib64:/cm/shared/apps/cuda12.2/toolkit/12.2.2/targets/x86_64-linux/lib:/whale/software/amber24/lib:/titan/anthony/apps/amber24/lib:/titan/anthony/apps/amber24/lib:/cm/shared/apps/slurm/current/lib64/slurm:/cm/shared/apps/slurm/current/lib64;' export 'LD_LIBRARY_PATH;
INCLUDEPATH=/cm/shared/apps/cuda12.2/toolkit/12.2.2/extras/Debugger/include:/cm/shared/apps/cuda12.2/toolkit/12.2.2/targets/x86_64-linux/include/CL:/cm/shared/apps/cuda12.2/sdk/12.2.2/Common:/cm/shared/apps/cuda12.2/toolkit/12.2.2/targets/x86_64-linux/include;' export 'INCLUDEPATH;
MANPATH=/cm/shared/apps/openmpi4/gcc/4.1.5/share/man/:/cm/local/apps/cuda/libs/current/share/man:/cm/shared/apps/slurm/current/man:/cm/local/apps/environment-modules/4.5.3//share/man:/usr/local/share/man:/usr/share/man:/cm/local/apps/environment-modules/current/share/man:/cm/local/apps/environment-modules/current/share/man;' export 'MANPATH;
LIBRARY_PATH=/cm/local/apps/cuda/libs/current/lib64:/cm/shared/apps/cuda12.2/toolkit/12.2.2/targets/x86_64-linux/lib:/cm/shared/apps/slurm/current/lib64/slurm:/cm/shared/apps/slurm/current/lib64;' export 'LIBRARY_PATH;
PERL5LIB_modshare=/whale/software/amber24/lib/perl:1:/titan/anthony/apps/amber24/lib/perl:1;' export 'PERL5LIB_modshare;
CUDA_INC_PATH=/cm/shared/apps/cuda12.2/toolkit/12.2.2;' export 'CUDA_INC_PATH;
CUDA_CMLOCAL_ROOT=/cm/local/apps/cuda/libs/current;' export 'CUDA_CMLOCAL_ROOT;
_LMFILES_=/cm/local/modulefiles/slurm/slurm/23.02.7:/whale/software/modulefiles/amber/2024:/cm/shared/modulefiles/cuda12.2/toolkit/12.2.2:/cm/shared/modulefiles/openmpi/gcc/64/4.1.5;' export '_LMFILES_;
LOADEDMODULES=slurm/slurm/23.02.7:amber/2024:cuda12.2/toolkit/12.2.2:openmpi/gcc/64/4.1.5;' export 'LOADEDMODULES;
CUDA_CACHE_DISABLE=1;' export 'CUDA_CACHE_DISABLE;
PKG_CONFIG_PATH=/cm/shared/apps/cuda12.2/toolkit/12.2.2/targets/x86_64-linux/lib/pkgconfig;' export 'PKG_CONFIG_PATH;
INCLUDEPATH_modshare=/cm/shared/apps/cuda12.2/toolkit/12.2.2/targets/x86_64-linux/include:1:/cm/shared/apps/cuda12.2/sdk/12.2.2/Common:1:/cm/shared/apps/cuda12.2/toolkit/12.2.2/extras/Debugger/include:1:/cm/shared/apps/cuda12.2/toolkit/12.2.2/targets/x86_64-linux/include/CL:1;' export 'INCLUDEPATH_modshare;
MANPATH_modshare=/cm/shared/apps/openmpi4/gcc/4.1.5/share/man/:1:/cm/local/apps/cuda/libs/current/share/man:1:/usr/local/share/man:1:/cm/local/apps/environment-modules/4.5.3//share/man:1:/cm/local/apps/environment-modules/current/share/man:1:/usr/share/man:1:/cm/shared/apps/slurm/current/man:1;' export 'MANPATH_modshare;
LIBRARY_PATH_modshare=/cm/shared/apps/cuda12.2/toolkit/12.2.2/targets/x86_64-linux/lib:1:/cm/shared/apps/slurm/current/lib64:1:/cm/shared/apps/slurm/current/lib64/slurm:1:/cm/local/apps/cuda/libs/current/lib64:1;' export 'LIBRARY_PATH_modshare;
PKG_CONFIG_PATH_modshare=/cm/shared/apps/cuda12.2/toolkit/12.2.2/targets/x86_64-linux/lib/pkgconfig:1;' export 'PKG_CONFIG_PATH_modshare;
MPI_HOME=/cm/shared/apps/openmpi4/gcc/4.1.5;' export 'MPI_HOME;
CUDA_INSTALL_PATH=/cm/shared/apps/cuda12.2/toolkit/12.2.2;' export 'CUDA_INSTALL_PATH;
PYTHONPATH=/whale/software/amber24/lib/python3.12/site-packages:/titan/anthony/apps/amber24/lib/python3.12/site-packages:/titan/anthony/apps/amber24/lib/python3.12/site-packages;' export 'PYTHONPATH;
CUDA_ROOT=/cm/shared/apps/cuda12.2/toolkit/12.2.2;' export 'CUDA_ROOT;
AMBERHOME=/whale/software/amber24;' export 'AMBERHOME;
CUDA_PATH=/cm/shared/apps/cuda12.2/toolkit/12.2.2;' export 'CUDA_PATH;
PYTHONPATH_modshare=/whale/software/amber24/lib/python3.12/site-packages:1:/titan/anthony/apps/amber24/lib/python3.12/site-packages:1;' export 'PYTHONPATH_modshare;
MPI_RUN=/cm/shared/apps/openmpi4/gcc/4.1.5/bin/mpirun;' export 'MPI_RUN;
CPATH_modshare=/cm/shared/apps/cuda12.2/toolkit/12.2.2/targets/x86_64-linux/include:1:/cm/shared/apps/cuda12.2/sdk/12.2.2/Common:1:/cm/shared/apps/openmpi4/gcc/4.1.5/include:1:/cm/shared/apps/slurm/current/include:1;' export 'CPATH_modshare;
LD_RUN_PATH_modshare=/cm/shared/apps/openmpi4/gcc/4.1.5/lib:1:/cm/local/apps/cuda/libs/current/lib64:1;' export 'LD_RUN_PATH_modshare;
LD_LIBRARY_PATH_modshare=/cm/shared/apps/cuda12.2/toolkit/12.2.2/targets/x86_64-linux/lib:1:/whale/software/amber24/lib:1:/titan/anthony/apps/amber24/lib:1:/cm/shared/apps/slurm/current/lib64:1:/cm/shared/apps/openmpi4/gcc/4.1.5/lib:1:/cm/shared/apps/slurm/current/lib64/slurm:1:/cm/local/apps/cuda/libs/current/lib64:1;' export 'LD_LIBRARY_PATH_modshare;
CUDA_INC_PATH_modshare=/cm/shared/apps/cuda12.2/toolkit/12.2.2:1;' export 'CUDA_INC_PATH_modshare;
_LMFILES__modshare=/cm/shared/modulefiles/openmpi/gcc/64/4.1.5:1:/cm/local/modulefiles/slurm/slurm/23.02.7:1:/whale/software/modulefiles/amber/2024:1:/cm/shared/modulefiles/cuda12.2/toolkit/12.2.2:1;' export '_LMFILES__modshare;
AMBER_PREFIX=/whale/software/amber24;' export 'AMBER_PREFIX;
LOADEDMODULES_modshare=openmpi/gcc/64/4.1.5:1:slurm/slurm/23.02.7:1:amber/2024:1:cuda12.2/toolkit/12.2.2:1;' export 'LOADEDMODULES_modshare;
CUDA_HOME=/cm/shared/apps/cuda12.2/toolkit/12.2.2;' export 'CUDA_HOME;
PATH=/cm/shared/apps/openmpi4/gcc/4.1.5/bin:/cm/local/apps/cuda/libs/current/bin:/cm/shared/apps/cuda12.2/sdk/12.2.2/bin/x86_64/linux/release:/cm/shared/apps/cuda12.2/toolkit/12.2.2/bin:/whale/software/amber24/bin:/titan/anthony/apps/amber24/bin:/titan/anthony/apps/dssp-2.3.0:/titan/anthony/apps/wham/wham-2d:/cm/local/apps/environment-modules/4.5.3/bin:/titan/anthony/apps/amber24/bin:/titan/anthony/apps/anaconda3/envs/westpa/bin:/titan/anthony/apps/anaconda3/condabin:/titan/anthony/apps/dssp-2.3.0:/titan/anthony/apps/wham/wham-2d:/cm/shared/apps/slurm/current/sbin:/cm/shared/apps/slurm/current/bin:/cm/local/apps/environment-modules/4.5.3/bin:/usr/local/bin:/usr/bin:/usr/local/sbin:/usr/sbin:/sbin:/usr/sbin:/cm/local/apps/environment-modules/4.5.3/bin:/home/anthony/.local/bin:/home/anthony/bin;' export 'PATH;
CUDA_SDK=/cm/shared/apps/cuda12.2/sdk/12.2.2;' export 'CUDA_SDK;
PATH_modshare=/home/anthony/bin:1:/usr/bin:1:/usr/local/bin:1:/cm/local/apps/cuda/libs/current/bin:1:/cm/shared/apps/slurm/current/bin:1:/titan/anthony/apps/anaconda3/envs/westpa/bin:1:/cm/shared/apps/slurm/current/sbin:1:/home/anthony/.local/bin:1:/titan/anthony/apps/dssp-2.3.0:1:/sbin:1:/cm/shared/apps/openmpi4/gcc/4.1.5/bin:1:/usr/sbin:1:/cm/local/apps/environment-modules/4.5.3/bin:1:/titan/anthony/apps/wham/wham-2d:1:/titan/anthony/apps/anaconda3/condabin:1:/titan/anthony/apps/amber24/bin:1:/whale/software/amber24/bin:1:/cm/shared/apps/cuda12.2/toolkit/12.2.2/bin:1:/usr/local/sbin:1:/cm/shared/apps/cuda12.2/sdk/12.2.2/bin/x86_64/linux/release:1;' export 'PATH_modshare;
PERL5LIB=/whale/software/amber24/lib/perl:/titan/anthony/apps/amber24/lib/perl:/titan/anthony/apps/amber24/lib/perl;' export 'PERL5LIB;
test' '0;'
+++ CPATH=/cm/shared/apps/openmpi4/gcc/4.1.5/include:/cm/shared/apps/cuda12.2/sdk/12.2.2/Common:/cm/shared/apps/cuda12.2/toolkit/12.2.2/targets/x86_64-linux/include:/cm/shared/apps/slurm/current/include
+++ export CPATH
+++ LD_RUN_PATH=/cm/shared/apps/openmpi4/gcc/4.1.5/lib:/cm/local/apps/cuda/libs/current/lib64
+++ export LD_RUN_PATH
+++ LD_LIBRARY_PATH=/cm/shared/apps/openmpi4/gcc/4.1.5/lib:/cm/local/apps/cuda/libs/current/lib64:/cm/shared/apps/cuda12.2/toolkit/12.2.2/targets/x86_64-linux/lib:/whale/software/amber24/lib:/titan/anthony/apps/amber24/lib:/titan/anthony/apps/amber24/lib:/cm/shared/apps/slurm/current/lib64/slurm:/cm/shared/apps/slurm/current/lib64
+++ export LD_LIBRARY_PATH
+++ INCLUDEPATH=/cm/shared/apps/cuda12.2/toolkit/12.2.2/extras/Debugger/include:/cm/shared/apps/cuda12.2/toolkit/12.2.2/targets/x86_64-linux/include/CL:/cm/shared/apps/cuda12.2/sdk/12.2.2/Common:/cm/shared/apps/cuda12.2/toolkit/12.2.2/targets/x86_64-linux/include
+++ export INCLUDEPATH
+++ MANPATH=/cm/shared/apps/openmpi4/gcc/4.1.5/share/man/:/cm/local/apps/cuda/libs/current/share/man:/cm/shared/apps/slurm/current/man:/cm/local/apps/environment-modules/4.5.3//share/man:/usr/local/share/man:/usr/share/man:/cm/local/apps/environment-modules/current/share/man:/cm/local/apps/environment-modules/current/share/man
+++ export MANPATH
+++ LIBRARY_PATH=/cm/local/apps/cuda/libs/current/lib64:/cm/shared/apps/cuda12.2/toolkit/12.2.2/targets/x86_64-linux/lib:/cm/shared/apps/slurm/current/lib64/slurm:/cm/shared/apps/slurm/current/lib64
+++ export LIBRARY_PATH
+++ PERL5LIB_modshare=/whale/software/amber24/lib/perl:1:/titan/anthony/apps/amber24/lib/perl:1
+++ export PERL5LIB_modshare
+++ CUDA_INC_PATH=/cm/shared/apps/cuda12.2/toolkit/12.2.2
+++ export CUDA_INC_PATH
+++ CUDA_CMLOCAL_ROOT=/cm/local/apps/cuda/libs/current
+++ export CUDA_CMLOCAL_ROOT
+++ _LMFILES_=/cm/local/modulefiles/slurm/slurm/23.02.7:/whale/software/modulefiles/amber/2024:/cm/shared/modulefiles/cuda12.2/toolkit/12.2.2:/cm/shared/modulefiles/openmpi/gcc/64/4.1.5
+++ export _LMFILES_
+++ LOADEDMODULES=slurm/slurm/23.02.7:amber/2024:cuda12.2/toolkit/12.2.2:openmpi/gcc/64/4.1.5
+++ export LOADEDMODULES
+++ CUDA_CACHE_DISABLE=1
+++ export CUDA_CACHE_DISABLE
+++ PKG_CONFIG_PATH=/cm/shared/apps/cuda12.2/toolkit/12.2.2/targets/x86_64-linux/lib/pkgconfig
+++ export PKG_CONFIG_PATH
+++ INCLUDEPATH_modshare=/cm/shared/apps/cuda12.2/toolkit/12.2.2/targets/x86_64-linux/include:1:/cm/shared/apps/cuda12.2/sdk/12.2.2/Common:1:/cm/shared/apps/cuda12.2/toolkit/12.2.2/extras/Debugger/include:1:/cm/shared/apps/cuda12.2/toolkit/12.2.2/targets/x86_64-linux/include/CL:1
+++ export INCLUDEPATH_modshare
+++ MANPATH_modshare=/cm/shared/apps/openmpi4/gcc/4.1.5/share/man/:1:/cm/local/apps/cuda/libs/current/share/man:1:/usr/local/share/man:1:/cm/local/apps/environment-modules/4.5.3//share/man:1:/cm/local/apps/environment-modules/current/share/man:1:/usr/share/man:1:/cm/shared/apps/slurm/current/man:1
+++ export MANPATH_modshare
+++ LIBRARY_PATH_modshare=/cm/shared/apps/cuda12.2/toolkit/12.2.2/targets/x86_64-linux/lib:1:/cm/shared/apps/slurm/current/lib64:1:/cm/shared/apps/slurm/current/lib64/slurm:1:/cm/local/apps/cuda/libs/current/lib64:1
+++ export LIBRARY_PATH_modshare
+++ PKG_CONFIG_PATH_modshare=/cm/shared/apps/cuda12.2/toolkit/12.2.2/targets/x86_64-linux/lib/pkgconfig:1
+++ export PKG_CONFIG_PATH_modshare
+++ MPI_HOME=/cm/shared/apps/openmpi4/gcc/4.1.5
+++ export MPI_HOME
+++ CUDA_INSTALL_PATH=/cm/shared/apps/cuda12.2/toolkit/12.2.2
+++ export CUDA_INSTALL_PATH
+++ PYTHONPATH=/whale/software/amber24/lib/python3.12/site-packages:/titan/anthony/apps/amber24/lib/python3.12/site-packages:/titan/anthony/apps/amber24/lib/python3.12/site-packages
+++ export PYTHONPATH
+++ CUDA_ROOT=/cm/shared/apps/cuda12.2/toolkit/12.2.2
+++ export CUDA_ROOT
+++ AMBERHOME=/whale/software/amber24
+++ export AMBERHOME
+++ CUDA_PATH=/cm/shared/apps/cuda12.2/toolkit/12.2.2
+++ export CUDA_PATH
+++ PYTHONPATH_modshare=/whale/software/amber24/lib/python3.12/site-packages:1:/titan/anthony/apps/amber24/lib/python3.12/site-packages:1
+++ export PYTHONPATH_modshare
+++ MPI_RUN=/cm/shared/apps/openmpi4/gcc/4.1.5/bin/mpirun
+++ export MPI_RUN
+++ CPATH_modshare=/cm/shared/apps/cuda12.2/toolkit/12.2.2/targets/x86_64-linux/include:1:/cm/shared/apps/cuda12.2/sdk/12.2.2/Common:1:/cm/shared/apps/openmpi4/gcc/4.1.5/include:1:/cm/shared/apps/slurm/current/include:1
+++ export CPATH_modshare
+++ LD_RUN_PATH_modshare=/cm/shared/apps/openmpi4/gcc/4.1.5/lib:1:/cm/local/apps/cuda/libs/current/lib64:1
+++ export LD_RUN_PATH_modshare
+++ LD_LIBRARY_PATH_modshare=/cm/shared/apps/cuda12.2/toolkit/12.2.2/targets/x86_64-linux/lib:1:/whale/software/amber24/lib:1:/titan/anthony/apps/amber24/lib:1:/cm/shared/apps/slurm/current/lib64:1:/cm/shared/apps/openmpi4/gcc/4.1.5/lib:1:/cm/shared/apps/slurm/current/lib64/slurm:1:/cm/local/apps/cuda/libs/current/lib64:1
+++ export LD_LIBRARY_PATH_modshare
+++ CUDA_INC_PATH_modshare=/cm/shared/apps/cuda12.2/toolkit/12.2.2:1
+++ export CUDA_INC_PATH_modshare
+++ _LMFILES__modshare=/cm/shared/modulefiles/openmpi/gcc/64/4.1.5:1:/cm/local/modulefiles/slurm/slurm/23.02.7:1:/whale/software/modulefiles/amber/2024:1:/cm/shared/modulefiles/cuda12.2/toolkit/12.2.2:1
+++ export _LMFILES__modshare
+++ AMBER_PREFIX=/whale/software/amber24
+++ export AMBER_PREFIX
+++ LOADEDMODULES_modshare=openmpi/gcc/64/4.1.5:1:slurm/slurm/23.02.7:1:amber/2024:1:cuda12.2/toolkit/12.2.2:1
+++ export LOADEDMODULES_modshare
+++ CUDA_HOME=/cm/shared/apps/cuda12.2/toolkit/12.2.2
+++ export CUDA_HOME
+++ PATH=/cm/shared/apps/openmpi4/gcc/4.1.5/bin:/cm/local/apps/cuda/libs/current/bin:/cm/shared/apps/cuda12.2/sdk/12.2.2/bin/x86_64/linux/release:/cm/shared/apps/cuda12.2/toolkit/12.2.2/bin:/whale/software/amber24/bin:/titan/anthony/apps/amber24/bin:/titan/anthony/apps/dssp-2.3.0:/titan/anthony/apps/wham/wham-2d:/cm/local/apps/environment-modules/4.5.3/bin:/titan/anthony/apps/amber24/bin:/titan/anthony/apps/anaconda3/envs/westpa/bin:/titan/anthony/apps/anaconda3/condabin:/titan/anthony/apps/dssp-2.3.0:/titan/anthony/apps/wham/wham-2d:/cm/shared/apps/slurm/current/sbin:/cm/shared/apps/slurm/current/bin:/cm/local/apps/environment-modules/4.5.3/bin:/usr/local/bin:/usr/bin:/usr/local/sbin:/usr/sbin:/sbin:/usr/sbin:/cm/local/apps/environment-modules/4.5.3/bin:/home/anthony/.local/bin:/home/anthony/bin
+++ export PATH
+++ CUDA_SDK=/cm/shared/apps/cuda12.2/sdk/12.2.2
+++ export CUDA_SDK
+++ PATH_modshare=/home/anthony/bin:1:/usr/bin:1:/usr/local/bin:1:/cm/local/apps/cuda/libs/current/bin:1:/cm/shared/apps/slurm/current/bin:1:/titan/anthony/apps/anaconda3/envs/westpa/bin:1:/cm/shared/apps/slurm/current/sbin:1:/home/anthony/.local/bin:1:/titan/anthony/apps/dssp-2.3.0:1:/sbin:1:/cm/shared/apps/openmpi4/gcc/4.1.5/bin:1:/usr/sbin:1:/cm/local/apps/environment-modules/4.5.3/bin:1:/titan/anthony/apps/wham/wham-2d:1:/titan/anthony/apps/anaconda3/condabin:1:/titan/anthony/apps/amber24/bin:1:/whale/software/amber24/bin:1:/cm/shared/apps/cuda12.2/toolkit/12.2.2/bin:1:/usr/local/sbin:1:/cm/shared/apps/cuda12.2/sdk/12.2.2/bin/x86_64/linux/release:1
+++ export PATH_modshare
+++ PERL5LIB=/whale/software/amber24/lib/perl:/titan/anthony/apps/amber24/lib/perl:/titan/anthony/apps/amber24/lib/perl
+++ export PERL5LIB
+++ test 0
++ _mlstatus=0
++ '[' -n x ']'
++ IFS=' 	
'
++ unset _mlre _mlv _mlrv _mlIFS
++ '[' -n '' ']'
++ unset _mlshdbg
++ return 0
++ export WEST_SIM_ROOT=/titan/anthony/voronoi2025/adk_pca
++ WEST_SIM_ROOT=/titan/anthony/voronoi2025/adk_pca
+++ basename /titan/anthony/voronoi2025/adk_pca
++ export SIM_NAME=adk_pca
++ SIM_NAME=adk_pca
++ export WM_ZMQ_MASTER_HEARTBEAT=100
++ WM_ZMQ_MASTER_HEARTBEAT=100
++ export WM_ZMQ_WORKER_HEARTBEAT=100
++ WM_ZMQ_WORKER_HEARTBEAT=100
+ env
+ sort
+ cd /titan/anthony/voronoi2025/adk_pca
+ SERVER_INFO=/titan/anthony/voronoi2025/adk_pca/west_zmq_info-26494.json
+ (( n=0 ))
+ (( n<60 ))
+ '[' -e /titan/anthony/voronoi2025/adk_pca/west_zmq_info-26494.json ']'
+ w_run --work-manager=zmq --n-workers=0 --zmq-mode=master --zmq-write-host-info=/titan/anthony/voronoi2025/adk_pca/west_zmq_info-26494.json --zmq-comm-mode=ipc
+ sleep 1
+ (( n++ ))
+ (( n<60 ))
+ '[' -e /titan/anthony/voronoi2025/adk_pca/west_zmq_info-26494.json ']'
+ echo '== server info file /titan/anthony/voronoi2025/adk_pca/west_zmq_info-26494.json =='
+ cat /titan/anthony/voronoi2025/adk_pca/west_zmq_info-26494.json
+ break
+ '[' -e /titan/anthony/voronoi2025/adk_pca/west_zmq_info-26494.json ']'
+ scontrol show hostname node004
++ scontrol show hostname node004
+ for node in $(scontrol show hostname $SLURM_NODELIST)
+ wait
+ ssh -o StrictHostKeyChecking=no node004 /titan/anthony/voronoi2025/adk_pca/node.sh /titan/anthony/voronoi2025/adk_pca 26494 node004 0,1,2,3,4,5,6,7,8,9 --work-manager=zmq --n-workers=10 --zmq-mode=client --zmq-read-host-info=/titan/anthony/voronoi2025/adk_pca/west_zmq_info-26494.json --zmq-comm-mode=ipc
+ cd /titan/anthony/voronoi2025/adk_pca
+ shift
+ source env.sh
++ source /home/anthony/.bashrc
+++ '[' -f /etc/bashrc ']'
+++ . /etc/bashrc
++++ '[' -z Y ']'
+++ export TERM=xterm
+++ TERM=xterm
+++ export PATH=/titan/anthony/apps/wham/wham-2d:/titan/anthony/apps/amber24/bin:/titan/anthony/apps/dssp-2.3.0:/titan/anthony/apps/wham/wham-2d:/cm/local/apps/environment-modules/4.5.3/bin:/titan/anthony/apps/amber24/bin:/titan/anthony/apps/anaconda3/bin:/titan/anthony/apps/anaconda3/condabin:/titan/anthony/apps/dssp-2.3.0:/titan/anthony/apps/wham/wham-2d:/cm/local/apps/environment-modules/4.5.3/bin:/usr/local/bin:/usr/bin:/usr/local/sbin:/usr/sbin:/sbin:/usr/sbin:/cm/local/apps/environment-modules/4.5.3/bin:/home/anthony/.local/bin:/home/anthony/bin
+++ PATH=/titan/anthony/apps/wham/wham-2d:/titan/anthony/apps/amber24/bin:/titan/anthony/apps/dssp-2.3.0:/titan/anthony/apps/wham/wham-2d:/cm/local/apps/environment-modules/4.5.3/bin:/titan/anthony/apps/amber24/bin:/titan/anthony/apps/anaconda3/bin:/titan/anthony/apps/anaconda3/condabin:/titan/anthony/apps/dssp-2.3.0:/titan/anthony/apps/wham/wham-2d:/cm/local/apps/environment-modules/4.5.3/bin:/usr/local/bin:/usr/bin:/usr/local/sbin:/usr/sbin:/sbin:/usr/sbin:/cm/local/apps/environment-modules/4.5.3/bin:/home/anthony/.local/bin:/home/anthony/bin
+++ export PATH=/titan/anthony/apps/dssp-2.3.0:/titan/anthony/apps/wham/wham-2d:/titan/anthony/apps/amber24/bin:/titan/anthony/apps/dssp-2.3.0:/titan/anthony/apps/wham/wham-2d:/cm/local/apps/environment-modules/4.5.3/bin:/titan/anthony/apps/amber24/bin:/titan/anthony/apps/anaconda3/bin:/titan/anthony/apps/anaconda3/condabin:/titan/anthony/apps/dssp-2.3.0:/titan/anthony/apps/wham/wham-2d:/cm/local/apps/environment-modules/4.5.3/bin:/usr/local/bin:/usr/bin:/usr/local/sbin:/usr/sbin:/sbin:/usr/sbin:/cm/local/apps/environment-modules/4.5.3/bin:/home/anthony/.local/bin:/home/anthony/bin
+++ PATH=/titan/anthony/apps/dssp-2.3.0:/titan/anthony/apps/wham/wham-2d:/titan/anthony/apps/amber24/bin:/titan/anthony/apps/dssp-2.3.0:/titan/anthony/apps/wham/wham-2d:/cm/local/apps/environment-modules/4.5.3/bin:/titan/anthony/apps/amber24/bin:/titan/anthony/apps/anaconda3/bin:/titan/anthony/apps/anaconda3/condabin:/titan/anthony/apps/dssp-2.3.0:/titan/anthony/apps/wham/wham-2d:/cm/local/apps/environment-modules/4.5.3/bin:/usr/local/bin:/usr/bin:/usr/local/sbin:/usr/sbin:/sbin:/usr/sbin:/cm/local/apps/environment-modules/4.5.3/bin:/home/anthony/.local/bin:/home/anthony/bin
++++ /titan/anthony/apps/anaconda3/bin/conda shell.bash hook
+++ __conda_setup='export CONDA_EXE='\''/titan/anthony/apps/anaconda3/bin/conda'\''
export _CE_M='\'''\''
export _CE_CONDA='\'''\''
export CONDA_PYTHON_EXE='\''/titan/anthony/apps/anaconda3/bin/python'\''

# Copyright (C) 2012 Anaconda, Inc
# SPDX-License-Identifier: BSD-3-Clause
__conda_exe() (
    "$CONDA_EXE" $_CE_M $_CE_CONDA "$@"
)

__conda_hashr() {
    if [ -n "${ZSH_VERSION:+x}" ]; then
        \rehash
    elif [ -n "${POSH_VERSION:+x}" ]; then
        :  # pass
    else
        \hash -r
    fi
}

__conda_activate() {
    if [ -n "${CONDA_PS1_BACKUP:+x}" ]; then
        # Handle transition from shell activated with conda <= 4.3 to a subsequent activation
        # after conda updated to >= 4.4. See issue #6173.
        PS1="$CONDA_PS1_BACKUP"
        \unset CONDA_PS1_BACKUP
    fi
    \local ask_conda
    ask_conda="$(PS1="${PS1:-}" __conda_exe shell.posix "$@")" || \return
    \eval "$ask_conda"
    __conda_hashr
}

__conda_reactivate() {
    # FUTURE: conda 25.9, remove this function
    echo "'\''__conda_reactivate'\'' is deprecated and will be removed in 25.9. Use '\''__conda_activate reactivate'\'' instead." 1>&2
    __conda_activate reactivate
}

conda() {
    \local cmd="${1-__missing__}"
    case "$cmd" in
        activate|deactivate)
            __conda_activate "$@"
            ;;
        install|update|upgrade|remove|uninstall)
            __conda_exe "$@" || \return
            __conda_activate reactivate
            ;;
        *)
            __conda_exe "$@"
            ;;
    esac
}

if [ -z "${CONDA_SHLVL+x}" ]; then
    \export CONDA_SHLVL=0
    # In dev-mode CONDA_EXE is python.exe and on Windows
    # it is in a different relative location to condabin.
    if [ -n "${_CE_CONDA:+x}" ] && [ -n "${WINDIR+x}" ]; then
        PATH="$(\dirname "$CONDA_EXE")/condabin${PATH:+":${PATH}"}"
    else
        PATH="$(\dirname "$(\dirname "$CONDA_EXE")")/condabin${PATH:+":${PATH}"}"
    fi
    \export PATH

    # We'\''re not allowing PS1 to be unbound. It must at least be set.
    # However, we'\''re not exporting it, which can cause problems when starting a second shell
    # via a first shell (i.e. starting zsh from bash).
    if [ -z "${PS1+x}" ]; then
        PS1=
    fi
fi

conda activate base'
+++ '[' 0 -eq 0 ']'
+++ eval 'export CONDA_EXE='\''/titan/anthony/apps/anaconda3/bin/conda'\''
export _CE_M='\'''\''
export _CE_CONDA='\'''\''
export CONDA_PYTHON_EXE='\''/titan/anthony/apps/anaconda3/bin/python'\''

# Copyright (C) 2012 Anaconda, Inc
# SPDX-License-Identifier: BSD-3-Clause
__conda_exe() (
    "$CONDA_EXE" $_CE_M $_CE_CONDA "$@"
)

__conda_hashr() {
    if [ -n "${ZSH_VERSION:+x}" ]; then
        \rehash
    elif [ -n "${POSH_VERSION:+x}" ]; then
        :  # pass
    else
        \hash -r
    fi
}

__conda_activate() {
    if [ -n "${CONDA_PS1_BACKUP:+x}" ]; then
        # Handle transition from shell activated with conda <= 4.3 to a subsequent activation
        # after conda updated to >= 4.4. See issue #6173.
        PS1="$CONDA_PS1_BACKUP"
        \unset CONDA_PS1_BACKUP
    fi
    \local ask_conda
    ask_conda="$(PS1="${PS1:-}" __conda_exe shell.posix "$@")" || \return
    \eval "$ask_conda"
    __conda_hashr
}

__conda_reactivate() {
    # FUTURE: conda 25.9, remove this function
    echo "'\''__conda_reactivate'\'' is deprecated and will be removed in 25.9. Use '\''__conda_activate reactivate'\'' instead." 1>&2
    __conda_activate reactivate
}

conda() {
    \local cmd="${1-__missing__}"
    case "$cmd" in
        activate|deactivate)
            __conda_activate "$@"
            ;;
        install|update|upgrade|remove|uninstall)
            __conda_exe "$@" || \return
            __conda_activate reactivate
            ;;
        *)
            __conda_exe "$@"
            ;;
    esac
}

if [ -z "${CONDA_SHLVL+x}" ]; then
    \export CONDA_SHLVL=0
    # In dev-mode CONDA_EXE is python.exe and on Windows
    # it is in a different relative location to condabin.
    if [ -n "${_CE_CONDA:+x}" ] && [ -n "${WINDIR+x}" ]; then
        PATH="$(\dirname "$CONDA_EXE")/condabin${PATH:+":${PATH}"}"
    else
        PATH="$(\dirname "$(\dirname "$CONDA_EXE")")/condabin${PATH:+":${PATH}"}"
    fi
    \export PATH

    # We'\''re not allowing PS1 to be unbound. It must at least be set.
    # However, we'\''re not exporting it, which can cause problems when starting a second shell
    # via a first shell (i.e. starting zsh from bash).
    if [ -z "${PS1+x}" ]; then
        PS1=
    fi
fi

conda activate base'
++++ export CONDA_EXE=/titan/anthony/apps/anaconda3/bin/conda
++++ CONDA_EXE=/titan/anthony/apps/anaconda3/bin/conda
++++ export _CE_M=
++++ _CE_M=
++++ export _CE_CONDA=
++++ _CE_CONDA=
++++ export CONDA_PYTHON_EXE=/titan/anthony/apps/anaconda3/bin/python
++++ CONDA_PYTHON_EXE=/titan/anthony/apps/anaconda3/bin/python
++++ '[' -z x ']'
++++ conda activate base
++++ local cmd=activate
++++ case "$cmd" in
++++ __conda_activate activate base
++++ '[' -n '' ']'
++++ local ask_conda
+++++ PS1='(base) '
+++++ __conda_exe shell.posix activate base
+++++ /titan/anthony/apps/anaconda3/bin/conda shell.posix activate base
++++ ask_conda='. "/titan/anthony/apps/anaconda3/etc/conda/deactivate.d/libglib_deactivate.sh"
PS1='\''(base) '\''
export PATH='\''/titan/anthony/apps/dssp-2.3.0:/titan/anthony/apps/wham/wham-2d:/titan/anthony/apps/amber24/bin:/titan/anthony/apps/dssp-2.3.0:/titan/anthony/apps/wham/wham-2d:/cm/local/apps/environment-modules/4.5.3/bin:/titan/anthony/apps/amber24/bin:/titan/anthony/apps/anaconda3/bin:/titan/anthony/apps/anaconda3/condabin:/titan/anthony/apps/dssp-2.3.0:/titan/anthony/apps/wham/wham-2d:/cm/local/apps/environment-modules/4.5.3/bin:/usr/local/bin:/usr/bin:/usr/local/sbin:/usr/sbin:/sbin:/usr/sbin:/cm/local/apps/environment-modules/4.5.3/bin:/home/anthony/.local/bin:/home/anthony/bin'\''
export CONDA_SHLVL='\''1'\''
export CONDA_PROMPT_MODIFIER='\''(base) '\''
export CONDA_EXE='\''/titan/anthony/apps/anaconda3/bin/conda'\''
export _CE_M='\'''\''
export _CE_CONDA='\'''\''
export CONDA_PYTHON_EXE='\''/titan/anthony/apps/anaconda3/bin/python'\''
. "/titan/anthony/apps/anaconda3/etc/conda/activate.d/libglib_activate.sh"'
++++ eval '. "/titan/anthony/apps/anaconda3/etc/conda/deactivate.d/libglib_deactivate.sh"
PS1='\''(base) '\''
export PATH='\''/titan/anthony/apps/dssp-2.3.0:/titan/anthony/apps/wham/wham-2d:/titan/anthony/apps/amber24/bin:/titan/anthony/apps/dssp-2.3.0:/titan/anthony/apps/wham/wham-2d:/cm/local/apps/environment-modules/4.5.3/bin:/titan/anthony/apps/amber24/bin:/titan/anthony/apps/anaconda3/bin:/titan/anthony/apps/anaconda3/condabin:/titan/anthony/apps/dssp-2.3.0:/titan/anthony/apps/wham/wham-2d:/cm/local/apps/environment-modules/4.5.3/bin:/usr/local/bin:/usr/bin:/usr/local/sbin:/usr/sbin:/sbin:/usr/sbin:/cm/local/apps/environment-modules/4.5.3/bin:/home/anthony/.local/bin:/home/anthony/bin'\''
export CONDA_SHLVL='\''1'\''
export CONDA_PROMPT_MODIFIER='\''(base) '\''
export CONDA_EXE='\''/titan/anthony/apps/anaconda3/bin/conda'\''
export _CE_M='\'''\''
export _CE_CONDA='\'''\''
export CONDA_PYTHON_EXE='\''/titan/anthony/apps/anaconda3/bin/python'\''
. "/titan/anthony/apps/anaconda3/etc/conda/activate.d/libglib_activate.sh"'
+++++ . /titan/anthony/apps/anaconda3/etc/conda/deactivate.d/libglib_deactivate.sh
++++++ export GSETTINGS_SCHEMA_DIR=
++++++ GSETTINGS_SCHEMA_DIR=
++++++ unset GSETTINGS_SCHEMA_DIR_CONDA_BACKUP
++++++ '[' -z ']'
++++++ unset GSETTINGS_SCHEMA_DIR
+++++ PS1='(base) '
+++++ export PATH=/titan/anthony/apps/dssp-2.3.0:/titan/anthony/apps/wham/wham-2d:/titan/anthony/apps/amber24/bin:/titan/anthony/apps/dssp-2.3.0:/titan/anthony/apps/wham/wham-2d:/cm/local/apps/environment-modules/4.5.3/bin:/titan/anthony/apps/amber24/bin:/titan/anthony/apps/anaconda3/bin:/titan/anthony/apps/anaconda3/condabin:/titan/anthony/apps/dssp-2.3.0:/titan/anthony/apps/wham/wham-2d:/cm/local/apps/environment-modules/4.5.3/bin:/usr/local/bin:/usr/bin:/usr/local/sbin:/usr/sbin:/sbin:/usr/sbin:/cm/local/apps/environment-modules/4.5.3/bin:/home/anthony/.local/bin:/home/anthony/bin
+++++ PATH=/titan/anthony/apps/dssp-2.3.0:/titan/anthony/apps/wham/wham-2d:/titan/anthony/apps/amber24/bin:/titan/anthony/apps/dssp-2.3.0:/titan/anthony/apps/wham/wham-2d:/cm/local/apps/environment-modules/4.5.3/bin:/titan/anthony/apps/amber24/bin:/titan/anthony/apps/anaconda3/bin:/titan/anthony/apps/anaconda3/condabin:/titan/anthony/apps/dssp-2.3.0:/titan/anthony/apps/wham/wham-2d:/cm/local/apps/environment-modules/4.5.3/bin:/usr/local/bin:/usr/bin:/usr/local/sbin:/usr/sbin:/sbin:/usr/sbin:/cm/local/apps/environment-modules/4.5.3/bin:/home/anthony/.local/bin:/home/anthony/bin
+++++ export CONDA_SHLVL=1
+++++ CONDA_SHLVL=1
+++++ export 'CONDA_PROMPT_MODIFIER=(base) '
+++++ CONDA_PROMPT_MODIFIER='(base) '
+++++ export CONDA_EXE=/titan/anthony/apps/anaconda3/bin/conda
+++++ CONDA_EXE=/titan/anthony/apps/anaconda3/bin/conda
+++++ export _CE_M=
+++++ _CE_M=
+++++ export _CE_CONDA=
+++++ _CE_CONDA=
+++++ export CONDA_PYTHON_EXE=/titan/anthony/apps/anaconda3/bin/python
+++++ CONDA_PYTHON_EXE=/titan/anthony/apps/anaconda3/bin/python
+++++ . /titan/anthony/apps/anaconda3/etc/conda/activate.d/libglib_activate.sh
++++++ export GSETTINGS_SCHEMA_DIR_CONDA_BACKUP=
++++++ GSETTINGS_SCHEMA_DIR_CONDA_BACKUP=
++++++ export GSETTINGS_SCHEMA_DIR=/titan/anthony/apps/anaconda3/share/glib-2.0/schemas
++++++ GSETTINGS_SCHEMA_DIR=/titan/anthony/apps/anaconda3/share/glib-2.0/schemas
++++ __conda_hashr
++++ '[' -n '' ']'
++++ '[' -n '' ']'
++++ hash -r
+++ unset __conda_setup
+++ alias 'tl=tail -n 30 -f'
+++ alias 'sq=squeue -u anthony'
+++ alias 'tt=cd /titan/anthony'
+++ alias 'interact=srun -N 1 -n 1 -p cpu_long --pty bash'
+++ alias 'interact_gpu=srun -N 1 -n 1 -p gpu_long --pty bash'
+++ source /titan/anthony/apps/amber24/amber.sh
++++ '[' -n /titan/anthony/apps/amber24/amber.sh ']'
++++ this_script=/titan/anthony/apps/amber24/amber.sh
++++++ dirname /titan/anthony/apps/amber24/amber.sh
+++++ cd /titan/anthony/apps/amber24
+++++ pwd
++++ export AMBERHOME=/titan/anthony/apps/amber24
++++ AMBERHOME=/titan/anthony/apps/amber24
++++ export PATH=/titan/anthony/apps/amber24/bin:/titan/anthony/apps/dssp-2.3.0:/titan/anthony/apps/wham/wham-2d:/titan/anthony/apps/amber24/bin:/titan/anthony/apps/dssp-2.3.0:/titan/anthony/apps/wham/wham-2d:/cm/local/apps/environment-modules/4.5.3/bin:/titan/anthony/apps/amber24/bin:/titan/anthony/apps/anaconda3/bin:/titan/anthony/apps/anaconda3/condabin:/titan/anthony/apps/dssp-2.3.0:/titan/anthony/apps/wham/wham-2d:/cm/local/apps/environment-modules/4.5.3/bin:/usr/local/bin:/usr/bin:/usr/local/sbin:/usr/sbin:/sbin:/usr/sbin:/cm/local/apps/environment-modules/4.5.3/bin:/home/anthony/.local/bin:/home/anthony/bin
++++ PATH=/titan/anthony/apps/amber24/bin:/titan/anthony/apps/dssp-2.3.0:/titan/anthony/apps/wham/wham-2d:/titan/anthony/apps/amber24/bin:/titan/anthony/apps/dssp-2.3.0:/titan/anthony/apps/wham/wham-2d:/cm/local/apps/environment-modules/4.5.3/bin:/titan/anthony/apps/amber24/bin:/titan/anthony/apps/anaconda3/bin:/titan/anthony/apps/anaconda3/condabin:/titan/anthony/apps/dssp-2.3.0:/titan/anthony/apps/wham/wham-2d:/cm/local/apps/environment-modules/4.5.3/bin:/usr/local/bin:/usr/bin:/usr/local/sbin:/usr/sbin:/sbin:/usr/sbin:/cm/local/apps/environment-modules/4.5.3/bin:/home/anthony/.local/bin:/home/anthony/bin
++++ '[' 1 = 1 ']'
++++ '[' -z /titan/anthony/apps/amber24/lib:/titan/anthony/apps/amber24/lib ']'
++++ export LD_LIBRARY_PATH=/titan/anthony/apps/amber24/lib:/titan/anthony/apps/amber24/lib:/titan/anthony/apps/amber24/lib
++++ LD_LIBRARY_PATH=/titan/anthony/apps/amber24/lib:/titan/anthony/apps/amber24/lib:/titan/anthony/apps/amber24/lib
++++ '[' 1 = 1 ']'
++++ '[' -z /titan/anthony/apps/amber24/lib/perl:/titan/anthony/apps/amber24/lib/perl ']'
++++ export PERL5LIB=/titan/anthony/apps/amber24/lib/perl:/titan/anthony/apps/amber24/lib/perl:/titan/anthony/apps/amber24/lib/perl
++++ PERL5LIB=/titan/anthony/apps/amber24/lib/perl:/titan/anthony/apps/amber24/lib/perl:/titan/anthony/apps/amber24/lib/perl
++++ '[' 1 = 1 ']'
++++ '[' -z /titan/anthony/apps/amber24/lib/python3.12/site-packages:/titan/anthony/apps/amber24/lib/python3.12/site-packages ']'
++++ export PYTHONPATH=/titan/anthony/apps/amber24/lib/python3.12/site-packages:/titan/anthony/apps/amber24/lib/python3.12/site-packages:/titan/anthony/apps/amber24/lib/python3.12/site-packages
++++ PYTHONPATH=/titan/anthony/apps/amber24/lib/python3.12/site-packages:/titan/anthony/apps/amber24/lib/python3.12/site-packages:/titan/anthony/apps/amber24/lib/python3.12/site-packages
++++ '[' 1 = 1 ']'
++++ export QUICK_BASIS=/titan/anthony/apps/amber24/AmberTools/src/quick/basis
++++ QUICK_BASIS=/titan/anthony/apps/amber24/AmberTools/src/quick/basis
++ conda activate westpa
++ local cmd=activate
++ case "$cmd" in
++ __conda_activate activate westpa
++ '[' -n '' ']'
++ local ask_conda
+++ PS1='(base) '
+++ __conda_exe shell.posix activate westpa
+++ /titan/anthony/apps/anaconda3/bin/conda shell.posix activate westpa
++ ask_conda='. "/titan/anthony/apps/anaconda3/etc/conda/deactivate.d/libglib_deactivate.sh"
PS1='\''(westpa) '\''
export PATH='\''/titan/anthony/apps/amber24/bin:/titan/anthony/apps/dssp-2.3.0:/titan/anthony/apps/wham/wham-2d:/titan/anthony/apps/amber24/bin:/titan/anthony/apps/dssp-2.3.0:/titan/anthony/apps/wham/wham-2d:/cm/local/apps/environment-modules/4.5.3/bin:/titan/anthony/apps/amber24/bin:/titan/anthony/apps/anaconda3/envs/westpa/bin:/titan/anthony/apps/anaconda3/condabin:/titan/anthony/apps/dssp-2.3.0:/titan/anthony/apps/wham/wham-2d:/cm/local/apps/environment-modules/4.5.3/bin:/usr/local/bin:/usr/bin:/usr/local/sbin:/usr/sbin:/sbin:/usr/sbin:/cm/local/apps/environment-modules/4.5.3/bin:/home/anthony/.local/bin:/home/anthony/bin'\''
export CONDA_PREFIX='\''/titan/anthony/apps/anaconda3/envs/westpa'\''
export CONDA_SHLVL='\''2'\''
export CONDA_DEFAULT_ENV='\''westpa'\''
export CONDA_PROMPT_MODIFIER='\''(westpa) '\''
export CONDA_PREFIX_1='\''/titan/anthony/apps/anaconda3'\''
export CONDA_EXE='\''/titan/anthony/apps/anaconda3/bin/conda'\''
export _CE_M='\'''\''
export _CE_CONDA='\'''\''
export CONDA_PYTHON_EXE='\''/titan/anthony/apps/anaconda3/bin/python'\'''
++ eval '. "/titan/anthony/apps/anaconda3/etc/conda/deactivate.d/libglib_deactivate.sh"
PS1='\''(westpa) '\''
export PATH='\''/titan/anthony/apps/amber24/bin:/titan/anthony/apps/dssp-2.3.0:/titan/anthony/apps/wham/wham-2d:/titan/anthony/apps/amber24/bin:/titan/anthony/apps/dssp-2.3.0:/titan/anthony/apps/wham/wham-2d:/cm/local/apps/environment-modules/4.5.3/bin:/titan/anthony/apps/amber24/bin:/titan/anthony/apps/anaconda3/envs/westpa/bin:/titan/anthony/apps/anaconda3/condabin:/titan/anthony/apps/dssp-2.3.0:/titan/anthony/apps/wham/wham-2d:/cm/local/apps/environment-modules/4.5.3/bin:/usr/local/bin:/usr/bin:/usr/local/sbin:/usr/sbin:/sbin:/usr/sbin:/cm/local/apps/environment-modules/4.5.3/bin:/home/anthony/.local/bin:/home/anthony/bin'\''
export CONDA_PREFIX='\''/titan/anthony/apps/anaconda3/envs/westpa'\''
export CONDA_SHLVL='\''2'\''
export CONDA_DEFAULT_ENV='\''westpa'\''
export CONDA_PROMPT_MODIFIER='\''(westpa) '\''
export CONDA_PREFIX_1='\''/titan/anthony/apps/anaconda3'\''
export CONDA_EXE='\''/titan/anthony/apps/anaconda3/bin/conda'\''
export _CE_M='\'''\''
export _CE_CONDA='\'''\''
export CONDA_PYTHON_EXE='\''/titan/anthony/apps/anaconda3/bin/python'\'''
+++ . /titan/anthony/apps/anaconda3/etc/conda/deactivate.d/libglib_deactivate.sh
++++ export GSETTINGS_SCHEMA_DIR=
++++ GSETTINGS_SCHEMA_DIR=
++++ unset GSETTINGS_SCHEMA_DIR_CONDA_BACKUP
++++ '[' -z ']'
++++ unset GSETTINGS_SCHEMA_DIR
+++ PS1='(westpa) '
+++ export PATH=/titan/anthony/apps/amber24/bin:/titan/anthony/apps/dssp-2.3.0:/titan/anthony/apps/wham/wham-2d:/titan/anthony/apps/amber24/bin:/titan/anthony/apps/dssp-2.3.0:/titan/anthony/apps/wham/wham-2d:/cm/local/apps/environment-modules/4.5.3/bin:/titan/anthony/apps/amber24/bin:/titan/anthony/apps/anaconda3/envs/westpa/bin:/titan/anthony/apps/anaconda3/condabin:/titan/anthony/apps/dssp-2.3.0:/titan/anthony/apps/wham/wham-2d:/cm/local/apps/environment-modules/4.5.3/bin:/usr/local/bin:/usr/bin:/usr/local/sbin:/usr/sbin:/sbin:/usr/sbin:/cm/local/apps/environment-modules/4.5.3/bin:/home/anthony/.local/bin:/home/anthony/bin
+++ PATH=/titan/anthony/apps/amber24/bin:/titan/anthony/apps/dssp-2.3.0:/titan/anthony/apps/wham/wham-2d:/titan/anthony/apps/amber24/bin:/titan/anthony/apps/dssp-2.3.0:/titan/anthony/apps/wham/wham-2d:/cm/local/apps/environment-modules/4.5.3/bin:/titan/anthony/apps/amber24/bin:/titan/anthony/apps/anaconda3/envs/westpa/bin:/titan/anthony/apps/anaconda3/condabin:/titan/anthony/apps/dssp-2.3.0:/titan/anthony/apps/wham/wham-2d:/cm/local/apps/environment-modules/4.5.3/bin:/usr/local/bin:/usr/bin:/usr/local/sbin:/usr/sbin:/sbin:/usr/sbin:/cm/local/apps/environment-modules/4.5.3/bin:/home/anthony/.local/bin:/home/anthony/bin
+++ export CONDA_PREFIX=/titan/anthony/apps/anaconda3/envs/westpa
+++ CONDA_PREFIX=/titan/anthony/apps/anaconda3/envs/westpa
+++ export CONDA_SHLVL=2
+++ CONDA_SHLVL=2
+++ export CONDA_DEFAULT_ENV=westpa
+++ CONDA_DEFAULT_ENV=westpa
+++ export 'CONDA_PROMPT_MODIFIER=(westpa) '
+++ CONDA_PROMPT_MODIFIER='(westpa) '
+++ export CONDA_PREFIX_1=/titan/anthony/apps/anaconda3
+++ CONDA_PREFIX_1=/titan/anthony/apps/anaconda3
+++ export CONDA_EXE=/titan/anthony/apps/anaconda3/bin/conda
+++ CONDA_EXE=/titan/anthony/apps/anaconda3/bin/conda
+++ export _CE_M=
+++ _CE_M=
+++ export _CE_CONDA=
+++ _CE_CONDA=
+++ export CONDA_PYTHON_EXE=/titan/anthony/apps/anaconda3/bin/python
+++ CONDA_PYTHON_EXE=/titan/anthony/apps/anaconda3/bin/python
++ __conda_hashr
++ '[' -n '' ']'
++ '[' -n '' ']'
++ hash -r
++ module load amber/2024 cuda12.2 openmpi
++ unset _mlshdbg
++ '[' 0 = 1 ']'
++ unset _mlre _mlIFS
++ '[' -n x ']'
++ _mlIFS=' 	
'
++ IFS=' '
++ '[' -n '' ']'
+++ /usr/bin/tclsh /cm/local/apps/environment-modules/4.5.3/libexec/modulecmd.tcl bash load amber/2024 cuda12.2 openmpi
++ eval 'CPATH=/cm/shared/apps/openmpi4/gcc/4.1.5/include:/cm/shared/apps/cuda12.2/sdk/12.2.2/Common:/cm/shared/apps/cuda12.2/toolkit/12.2.2/targets/x86_64-linux/include;' export 'CPATH;
LD_RUN_PATH=/cm/shared/apps/openmpi4/gcc/4.1.5/lib:/cm/local/apps/cuda/libs/current/lib64;' export 'LD_RUN_PATH;
LD_LIBRARY_PATH=/cm/shared/apps/openmpi4/gcc/4.1.5/lib:/cm/local/apps/cuda/libs/current/lib64:/cm/shared/apps/cuda12.2/toolkit/12.2.2/targets/x86_64-linux/lib:/whale/software/amber24/lib:/titan/anthony/apps/amber24/lib:/titan/anthony/apps/amber24/lib:/titan/anthony/apps/amber24/lib;' export 'LD_LIBRARY_PATH;
INCLUDEPATH=/cm/shared/apps/cuda12.2/toolkit/12.2.2/extras/Debugger/include:/cm/shared/apps/cuda12.2/toolkit/12.2.2/targets/x86_64-linux/include/CL:/cm/shared/apps/cuda12.2/sdk/12.2.2/Common:/cm/shared/apps/cuda12.2/toolkit/12.2.2/targets/x86_64-linux/include;' export 'INCLUDEPATH;
MANPATH=/cm/shared/apps/openmpi4/gcc/4.1.5/share/man/:/cm/local/apps/cuda/libs/current/share/man:/cm/local/apps/environment-modules/4.5.3//share/man:/usr/local/share/man:/usr/share/man:/cm/local/apps/environment-modules/current/share/man:/cm/local/apps/environment-modules/current/share/man;' export 'MANPATH;
LIBRARY_PATH=/cm/local/apps/cuda/libs/current/lib64:/cm/shared/apps/cuda12.2/toolkit/12.2.2/targets/x86_64-linux/lib;' export 'LIBRARY_PATH;
PERL5LIB_modshare=/whale/software/amber24/lib/perl:1:/titan/anthony/apps/amber24/lib/perl:1;' export 'PERL5LIB_modshare;
CUDA_INC_PATH=/cm/shared/apps/cuda12.2/toolkit/12.2.2;' export 'CUDA_INC_PATH;
CUDA_CMLOCAL_ROOT=/cm/local/apps/cuda/libs/current;' export 'CUDA_CMLOCAL_ROOT;
_LMFILES_=/whale/software/modulefiles/amber/2024:/cm/shared/modulefiles/cuda12.2/toolkit/12.2.2:/cm/shared/modulefiles/openmpi/gcc/64/4.1.5;' export '_LMFILES_;
LOADEDMODULES=amber/2024:cuda12.2/toolkit/12.2.2:openmpi/gcc/64/4.1.5;' export 'LOADEDMODULES;
CUDA_CACHE_DISABLE=1;' export 'CUDA_CACHE_DISABLE;
PKG_CONFIG_PATH=/cm/shared/apps/cuda12.2/toolkit/12.2.2/targets/x86_64-linux/lib/pkgconfig;' export 'PKG_CONFIG_PATH;
INCLUDEPATH_modshare=/cm/shared/apps/cuda12.2/toolkit/12.2.2/targets/x86_64-linux/include:1:/cm/shared/apps/cuda12.2/sdk/12.2.2/Common:1:/cm/shared/apps/cuda12.2/toolkit/12.2.2/extras/Debugger/include:1:/cm/shared/apps/cuda12.2/toolkit/12.2.2/targets/x86_64-linux/include/CL:1;' export 'INCLUDEPATH_modshare;
MANPATH_modshare=/cm/shared/apps/openmpi4/gcc/4.1.5/share/man/:1:/cm/local/apps/cuda/libs/current/share/man:1:/usr/local/share/man:1:/cm/local/apps/environment-modules/4.5.3//share/man:1:/cm/local/apps/environment-modules/current/share/man:1:/usr/share/man:1;' export 'MANPATH_modshare;
LIBRARY_PATH_modshare=/cm/shared/apps/cuda12.2/toolkit/12.2.2/targets/x86_64-linux/lib:1:/cm/local/apps/cuda/libs/current/lib64:1;' export 'LIBRARY_PATH_modshare;
PKG_CONFIG_PATH_modshare=/cm/shared/apps/cuda12.2/toolkit/12.2.2/targets/x86_64-linux/lib/pkgconfig:1;' export 'PKG_CONFIG_PATH_modshare;
MPI_HOME=/cm/shared/apps/openmpi4/gcc/4.1.5;' export 'MPI_HOME;
CUDA_INSTALL_PATH=/cm/shared/apps/cuda12.2/toolkit/12.2.2;' export 'CUDA_INSTALL_PATH;
PYTHONPATH=/whale/software/amber24/lib/python3.12/site-packages:/titan/anthony/apps/amber24/lib/python3.12/site-packages:/titan/anthony/apps/amber24/lib/python3.12/site-packages:/titan/anthony/apps/amber24/lib/python3.12/site-packages;' export 'PYTHONPATH;
CUDA_ROOT=/cm/shared/apps/cuda12.2/toolkit/12.2.2;' export 'CUDA_ROOT;
AMBERHOME=/whale/software/amber24;' export 'AMBERHOME;
CUDA_PATH=/cm/shared/apps/cuda12.2/toolkit/12.2.2;' export 'CUDA_PATH;
PYTHONPATH_modshare=/whale/software/amber24/lib/python3.12/site-packages:1:/titan/anthony/apps/amber24/lib/python3.12/site-packages:1;' export 'PYTHONPATH_modshare;
MPI_RUN=/cm/shared/apps/openmpi4/gcc/4.1.5/bin/mpirun;' export 'MPI_RUN;
CPATH_modshare=/cm/shared/apps/cuda12.2/toolkit/12.2.2/targets/x86_64-linux/include:1:/cm/shared/apps/cuda12.2/sdk/12.2.2/Common:1:/cm/shared/apps/openmpi4/gcc/4.1.5/include:1;' export 'CPATH_modshare;
LD_RUN_PATH_modshare=/cm/shared/apps/openmpi4/gcc/4.1.5/lib:1:/cm/local/apps/cuda/libs/current/lib64:1;' export 'LD_RUN_PATH_modshare;
LD_LIBRARY_PATH_modshare=/cm/shared/apps/cuda12.2/toolkit/12.2.2/targets/x86_64-linux/lib:1:/whale/software/amber24/lib:1:/titan/anthony/apps/amber24/lib:1:/cm/shared/apps/openmpi4/gcc/4.1.5/lib:1:/cm/local/apps/cuda/libs/current/lib64:1;' export 'LD_LIBRARY_PATH_modshare;
CUDA_INC_PATH_modshare=/cm/shared/apps/cuda12.2/toolkit/12.2.2:1;' export 'CUDA_INC_PATH_modshare;
_LMFILES__modshare=/cm/shared/modulefiles/openmpi/gcc/64/4.1.5:1:/whale/software/modulefiles/amber/2024:1:/cm/shared/modulefiles/cuda12.2/toolkit/12.2.2:1;' export '_LMFILES__modshare;
AMBER_PREFIX=/whale/software/amber24;' export 'AMBER_PREFIX;
LOADEDMODULES_modshare=openmpi/gcc/64/4.1.5:1:amber/2024:1:cuda12.2/toolkit/12.2.2:1;' export 'LOADEDMODULES_modshare;
CUDA_HOME=/cm/shared/apps/cuda12.2/toolkit/12.2.2;' export 'CUDA_HOME;
PATH=/cm/shared/apps/openmpi4/gcc/4.1.5/bin:/cm/local/apps/cuda/libs/current/bin:/cm/shared/apps/cuda12.2/sdk/12.2.2/bin/x86_64/linux/release:/cm/shared/apps/cuda12.2/toolkit/12.2.2/bin:/whale/software/amber24/bin:/titan/anthony/apps/amber24/bin:/titan/anthony/apps/dssp-2.3.0:/titan/anthony/apps/wham/wham-2d:/titan/anthony/apps/amber24/bin:/titan/anthony/apps/dssp-2.3.0:/titan/anthony/apps/wham/wham-2d:/cm/local/apps/environment-modules/4.5.3/bin:/titan/anthony/apps/amber24/bin:/titan/anthony/apps/anaconda3/envs/westpa/bin:/titan/anthony/apps/anaconda3/condabin:/titan/anthony/apps/dssp-2.3.0:/titan/anthony/apps/wham/wham-2d:/cm/local/apps/environment-modules/4.5.3/bin:/usr/local/bin:/usr/bin:/usr/local/sbin:/usr/sbin:/sbin:/usr/sbin:/cm/local/apps/environment-modules/4.5.3/bin:/home/anthony/.local/bin:/home/anthony/bin;' export 'PATH;
CUDA_SDK=/cm/shared/apps/cuda12.2/sdk/12.2.2;' export 'CUDA_SDK;
PATH_modshare=/home/anthony/bin:1:/usr/bin:1:/cm/local/apps/cuda/libs/current/bin:1:/usr/local/bin:1:/titan/anthony/apps/anaconda3/envs/westpa/bin:1:/home/anthony/.local/bin:1:/titan/anthony/apps/dssp-2.3.0:1:/sbin:1:/cm/shared/apps/openmpi4/gcc/4.1.5/bin:1:/usr/sbin:1:/titan/anthony/apps/wham/wham-2d:1:/cm/local/apps/environment-modules/4.5.3/bin:1:/titan/anthony/apps/anaconda3/condabin:1:/titan/anthony/apps/amber24/bin:1:/whale/software/amber24/bin:1:/cm/shared/apps/cuda12.2/toolkit/12.2.2/bin:1:/usr/local/sbin:1:/cm/shared/apps/cuda12.2/sdk/12.2.2/bin/x86_64/linux/release:1;' export 'PATH_modshare;
PERL5LIB=/whale/software/amber24/lib/perl:/titan/anthony/apps/amber24/lib/perl:/titan/anthony/apps/amber24/lib/perl:/titan/anthony/apps/amber24/lib/perl;' export 'PERL5LIB;
test' '0;'
+++ CPATH=/cm/shared/apps/openmpi4/gcc/4.1.5/include:/cm/shared/apps/cuda12.2/sdk/12.2.2/Common:/cm/shared/apps/cuda12.2/toolkit/12.2.2/targets/x86_64-linux/include
+++ export CPATH
+++ LD_RUN_PATH=/cm/shared/apps/openmpi4/gcc/4.1.5/lib:/cm/local/apps/cuda/libs/current/lib64
+++ export LD_RUN_PATH
+++ LD_LIBRARY_PATH=/cm/shared/apps/openmpi4/gcc/4.1.5/lib:/cm/local/apps/cuda/libs/current/lib64:/cm/shared/apps/cuda12.2/toolkit/12.2.2/targets/x86_64-linux/lib:/whale/software/amber24/lib:/titan/anthony/apps/amber24/lib:/titan/anthony/apps/amber24/lib:/titan/anthony/apps/amber24/lib
+++ export LD_LIBRARY_PATH
+++ INCLUDEPATH=/cm/shared/apps/cuda12.2/toolkit/12.2.2/extras/Debugger/include:/cm/shared/apps/cuda12.2/toolkit/12.2.2/targets/x86_64-linux/include/CL:/cm/shared/apps/cuda12.2/sdk/12.2.2/Common:/cm/shared/apps/cuda12.2/toolkit/12.2.2/targets/x86_64-linux/include
+++ export INCLUDEPATH
+++ MANPATH=/cm/shared/apps/openmpi4/gcc/4.1.5/share/man/:/cm/local/apps/cuda/libs/current/share/man:/cm/local/apps/environment-modules/4.5.3//share/man:/usr/local/share/man:/usr/share/man:/cm/local/apps/environment-modules/current/share/man:/cm/local/apps/environment-modules/current/share/man
+++ export MANPATH
+++ LIBRARY_PATH=/cm/local/apps/cuda/libs/current/lib64:/cm/shared/apps/cuda12.2/toolkit/12.2.2/targets/x86_64-linux/lib
+++ export LIBRARY_PATH
+++ PERL5LIB_modshare=/whale/software/amber24/lib/perl:1:/titan/anthony/apps/amber24/lib/perl:1
+++ export PERL5LIB_modshare
+++ CUDA_INC_PATH=/cm/shared/apps/cuda12.2/toolkit/12.2.2
+++ export CUDA_INC_PATH
+++ CUDA_CMLOCAL_ROOT=/cm/local/apps/cuda/libs/current
+++ export CUDA_CMLOCAL_ROOT
+++ _LMFILES_=/whale/software/modulefiles/amber/2024:/cm/shared/modulefiles/cuda12.2/toolkit/12.2.2:/cm/shared/modulefiles/openmpi/gcc/64/4.1.5
+++ export _LMFILES_
+++ LOADEDMODULES=amber/2024:cuda12.2/toolkit/12.2.2:openmpi/gcc/64/4.1.5
+++ export LOADEDMODULES
+++ CUDA_CACHE_DISABLE=1
+++ export CUDA_CACHE_DISABLE
+++ PKG_CONFIG_PATH=/cm/shared/apps/cuda12.2/toolkit/12.2.2/targets/x86_64-linux/lib/pkgconfig
+++ export PKG_CONFIG_PATH
+++ INCLUDEPATH_modshare=/cm/shared/apps/cuda12.2/toolkit/12.2.2/targets/x86_64-linux/include:1:/cm/shared/apps/cuda12.2/sdk/12.2.2/Common:1:/cm/shared/apps/cuda12.2/toolkit/12.2.2/extras/Debugger/include:1:/cm/shared/apps/cuda12.2/toolkit/12.2.2/targets/x86_64-linux/include/CL:1
+++ export INCLUDEPATH_modshare
+++ MANPATH_modshare=/cm/shared/apps/openmpi4/gcc/4.1.5/share/man/:1:/cm/local/apps/cuda/libs/current/share/man:1:/usr/local/share/man:1:/cm/local/apps/environment-modules/4.5.3//share/man:1:/cm/local/apps/environment-modules/current/share/man:1:/usr/share/man:1
+++ export MANPATH_modshare
+++ LIBRARY_PATH_modshare=/cm/shared/apps/cuda12.2/toolkit/12.2.2/targets/x86_64-linux/lib:1:/cm/local/apps/cuda/libs/current/lib64:1
+++ export LIBRARY_PATH_modshare
+++ PKG_CONFIG_PATH_modshare=/cm/shared/apps/cuda12.2/toolkit/12.2.2/targets/x86_64-linux/lib/pkgconfig:1
+++ export PKG_CONFIG_PATH_modshare
+++ MPI_HOME=/cm/shared/apps/openmpi4/gcc/4.1.5
+++ export MPI_HOME
+++ CUDA_INSTALL_PATH=/cm/shared/apps/cuda12.2/toolkit/12.2.2
+++ export CUDA_INSTALL_PATH
+++ PYTHONPATH=/whale/software/amber24/lib/python3.12/site-packages:/titan/anthony/apps/amber24/lib/python3.12/site-packages:/titan/anthony/apps/amber24/lib/python3.12/site-packages:/titan/anthony/apps/amber24/lib/python3.12/site-packages
+++ export PYTHONPATH
+++ CUDA_ROOT=/cm/shared/apps/cuda12.2/toolkit/12.2.2
+++ export CUDA_ROOT
+++ AMBERHOME=/whale/software/amber24
+++ export AMBERHOME
+++ CUDA_PATH=/cm/shared/apps/cuda12.2/toolkit/12.2.2
+++ export CUDA_PATH
+++ PYTHONPATH_modshare=/whale/software/amber24/lib/python3.12/site-packages:1:/titan/anthony/apps/amber24/lib/python3.12/site-packages:1
+++ export PYTHONPATH_modshare
+++ MPI_RUN=/cm/shared/apps/openmpi4/gcc/4.1.5/bin/mpirun
+++ export MPI_RUN
+++ CPATH_modshare=/cm/shared/apps/cuda12.2/toolkit/12.2.2/targets/x86_64-linux/include:1:/cm/shared/apps/cuda12.2/sdk/12.2.2/Common:1:/cm/shared/apps/openmpi4/gcc/4.1.5/include:1
+++ export CPATH_modshare
+++ LD_RUN_PATH_modshare=/cm/shared/apps/openmpi4/gcc/4.1.5/lib:1:/cm/local/apps/cuda/libs/current/lib64:1
+++ export LD_RUN_PATH_modshare
+++ LD_LIBRARY_PATH_modshare=/cm/shared/apps/cuda12.2/toolkit/12.2.2/targets/x86_64-linux/lib:1:/whale/software/amber24/lib:1:/titan/anthony/apps/amber24/lib:1:/cm/shared/apps/openmpi4/gcc/4.1.5/lib:1:/cm/local/apps/cuda/libs/current/lib64:1
+++ export LD_LIBRARY_PATH_modshare
+++ CUDA_INC_PATH_modshare=/cm/shared/apps/cuda12.2/toolkit/12.2.2:1
+++ export CUDA_INC_PATH_modshare
+++ _LMFILES__modshare=/cm/shared/modulefiles/openmpi/gcc/64/4.1.5:1:/whale/software/modulefiles/amber/2024:1:/cm/shared/modulefiles/cuda12.2/toolkit/12.2.2:1
+++ export _LMFILES__modshare
+++ AMBER_PREFIX=/whale/software/amber24
+++ export AMBER_PREFIX
+++ LOADEDMODULES_modshare=openmpi/gcc/64/4.1.5:1:amber/2024:1:cuda12.2/toolkit/12.2.2:1
+++ export LOADEDMODULES_modshare
+++ CUDA_HOME=/cm/shared/apps/cuda12.2/toolkit/12.2.2
+++ export CUDA_HOME
+++ PATH=/cm/shared/apps/openmpi4/gcc/4.1.5/bin:/cm/local/apps/cuda/libs/current/bin:/cm/shared/apps/cuda12.2/sdk/12.2.2/bin/x86_64/linux/release:/cm/shared/apps/cuda12.2/toolkit/12.2.2/bin:/whale/software/amber24/bin:/titan/anthony/apps/amber24/bin:/titan/anthony/apps/dssp-2.3.0:/titan/anthony/apps/wham/wham-2d:/titan/anthony/apps/amber24/bin:/titan/anthony/apps/dssp-2.3.0:/titan/anthony/apps/wham/wham-2d:/cm/local/apps/environment-modules/4.5.3/bin:/titan/anthony/apps/amber24/bin:/titan/anthony/apps/anaconda3/envs/westpa/bin:/titan/anthony/apps/anaconda3/condabin:/titan/anthony/apps/dssp-2.3.0:/titan/anthony/apps/wham/wham-2d:/cm/local/apps/environment-modules/4.5.3/bin:/usr/local/bin:/usr/bin:/usr/local/sbin:/usr/sbin:/sbin:/usr/sbin:/cm/local/apps/environment-modules/4.5.3/bin:/home/anthony/.local/bin:/home/anthony/bin
+++ export PATH
+++ CUDA_SDK=/cm/shared/apps/cuda12.2/sdk/12.2.2
+++ export CUDA_SDK
+++ PATH_modshare=/home/anthony/bin:1:/usr/bin:1:/cm/local/apps/cuda/libs/current/bin:1:/usr/local/bin:1:/titan/anthony/apps/anaconda3/envs/westpa/bin:1:/home/anthony/.local/bin:1:/titan/anthony/apps/dssp-2.3.0:1:/sbin:1:/cm/shared/apps/openmpi4/gcc/4.1.5/bin:1:/usr/sbin:1:/titan/anthony/apps/wham/wham-2d:1:/cm/local/apps/environment-modules/4.5.3/bin:1:/titan/anthony/apps/anaconda3/condabin:1:/titan/anthony/apps/amber24/bin:1:/whale/software/amber24/bin:1:/cm/shared/apps/cuda12.2/toolkit/12.2.2/bin:1:/usr/local/sbin:1:/cm/shared/apps/cuda12.2/sdk/12.2.2/bin/x86_64/linux/release:1
+++ export PATH_modshare
+++ PERL5LIB=/whale/software/amber24/lib/perl:/titan/anthony/apps/amber24/lib/perl:/titan/anthony/apps/amber24/lib/perl:/titan/anthony/apps/amber24/lib/perl
+++ export PERL5LIB
+++ test 0
++ _mlstatus=0
++ '[' -n x ']'
++ IFS=' 	
'
++ unset _mlre _mlv _mlrv _mlIFS
++ '[' -n '' ']'
++ unset _mlshdbg
++ return 0
++ export WEST_SIM_ROOT=/titan/anthony/voronoi2025/adk_pca
++ WEST_SIM_ROOT=/titan/anthony/voronoi2025/adk_pca
+++ basename /titan/anthony/voronoi2025/adk_pca
++ export SIM_NAME=adk_pca
++ SIM_NAME=adk_pca
++ export WM_ZMQ_MASTER_HEARTBEAT=100
++ WM_ZMQ_MASTER_HEARTBEAT=100
++ export WM_ZMQ_WORKER_HEARTBEAT=100
++ WM_ZMQ_WORKER_HEARTBEAT=100
+ export WEST_JOBID=26494
+ WEST_JOBID=26494
+ shift
+ export SLURM_NODENAME=node004
+ SLURM_NODENAME=node004
+ shift
+ export CUDA_VISIBLE_DEVICES_ALLOCATED=0,1,2,3,4,5,6,7,8,9
+ CUDA_VISIBLE_DEVICES_ALLOCATED=0,1,2,3,4,5,6,7,8,9
+ shift
+ export TMPDIR=/local/26494
+ TMPDIR=/local/26494
+ export LOCAL=/local/26494
+ LOCAL=/local/26494
+ echo 'starting WEST client processes on: '
+ hostname
+ echo 'current directory is /titan/anthony/voronoi2025/adk_pca'
+ echo 'environment is: '
+ env
+ sort
+ echo 'CUDA_VISIBLE_DEVICES = '
+ w_run --work-manager=zmq --n-workers=10 --zmq-mode=client --zmq-read-host-info=/titan/anthony/voronoi2025/adk_pca/west_zmq_info-26494.json --zmq-comm-mode=ipc
slurmstepd: error: *** JOB 26494 ON node004 CANCELLED AT 2025-03-25T16:03:46 ***
